100000 485940
100400 621432
100800 684002
101200 545500
101600 899105
102000 1053809
102400 591384
102800 636826
103200 629847
103600 598218
104000 482108
104400 565268
104800 962478
105200 572806
105600 557098
106000 620274
106400 668108
106800 649209
107200 605454
107600 670939
108000 623588
108400 470603
108800 847782
109200 763791
109600 656148
110000 664147
110400 634229
110800 541004
111200 753494
111600 803858
112000 727861
112400 1001993
112800 973324
113200 734171
113600 742803
114000 1493694
114400 1090164
114800 1359252
115200 1128616
115600 1446036
116000 1116488
116400 1080837
116800 1372889
117200 1181562
117600 1572427
118000 1000406
118400 1024284
118800 1268111
119200 1006349
119600 1161359
120000 1124631
120400 1159885
120800 854891
121200 1006358
121600 1108532
122000 969701
122400 938991
122800 1198025
123200 851179
123600 860509
124000 1275336
124400 1126360
124800 1055362
125200 934259
125600 1220200
126000 1143129
126400 1245494
126800 1045893
127200 934531
127600 1120137
128000 1010558
128400 1192084
128800 957584
129200 1053977
129600 1120087
130000 1137273
130400 956980
130800 1017156
131200 1115688
131600 1380089
132000 1109084
132400 905042
132800 972730
133200 1123909
133600 1205979
134000 1257631
134400 962884
134800 1037657
135200 1408923
135600 1150745
136000 958859
136400 1236430
136800 1193235
137200 1193982
137600 1471367
138000 1010327
138400 801911
138800 990764
139200 1145548
139600 1019448
140000 1297273
140400 1087990
140800 988597
141200 1051492
141600 1082361
142000 1090777
142400 1489588
142800 1059933
143200 1049765
143600 993050
144000 1210138
144400 1500228
144800 1138071
145200 971116
145600 1002923
146000 1214316
146400 1226224
146800 1145462
147200 1409244
147600 1026219
148000 1176648
148400 993176
148800 1545588
149200 1081376
149600 1050525
150000 809354
150400 1109591
150800 1226949
151200 1201764
151600 1265266
152000 979219
152400 967214
152800 1369255
153200 1155964
153600 1389889
154000 1218457
154400 1555578
154800 1276770
155200 979243
155600 1228128
156000 1204303
156400 1144707
156800 1418358
157200 1477843
157600 1347358
158000 1461217
158400 1046266
158800 1182835
159200 1142757
159600 1032647
160000 1531332
160400 1188704
160800 1371043
161200 1351881
161600 1083515
162000 1305295
162400 1088677
162800 1656749
163200 1394264
163600 1346293
164000 1735939
164400 1271197
164800 1373769
165200 1221826
165600 1456669
166000 1397125
166400 1044638
166800 1332713
167200 1727421
167600 1492824
168000 1485988
168400 1529823
168800 1480462
169200 1465133
169600 1588393
170000 1718437
170400 1103733
170800 1614077
171200 1325940
171600 1346175
172000 1240184
172400 1355067
172800 1375061
173200 1369128
173600 1202352
174000 1324372
174400 1248482
174800 1144651
175200 1252065
175600 1490797
176000 1289645
176400 1251418
176800 1617912
177200 1349789
177600 1407941
178000 1112730
178400 1692353
178800 1622087
179200 1285963
179600 941397
180000 1099398
180400 1463278
180800 1189064
181200 1152718
181600 1338956
182000 1703240
182400 1314501
182800 1607813
183200 1326225
183600 1151741
184000 969704
184400 1108551
184800 1437744
185200 1201695
185600 850295
186000 1029525
186400 923056
186800 1040658
187200 1084262
187600 921080
188000 960324
188400 1008427
188800 1155053
189200 1003172
189600 1321665
190000 917706
190400 900447
190800 1094825
191200 949876
191600 1206983
192000 1092698
192400 894154
192800 1063510
193200 870735
193600 844488
194000 1161170
194400 1204218
194800 1141553
195200 929487
195600 1193377
196000 905615
196400 1270792
196800 1000977
197200 1190488
197600 973324
198000 1057381
198400 958073
198800 1016780
199200 926170
199600 907624
200000 1027687
200400 1378078
200800 1077004
201200 1024065
201600 1388917
202000 1095039
202400 1049529
202800 917843
203200 1138184
203600 1034495
204000 1287513
204400 1236119
204800 853200
205200 1177377
205600 1030144
206000 1031893
206400 892986
206800 1114822
207200 1163040
207600 1164287
208000 1161485
208400 1132915
208800 1034373
209200 1210419
209600 1136225
210000 1278978
210400 1232787
210800 1387927
211200 1204727
211600 1327159
212000 879310
212400 1179499
212800 1044564
213200 978004
213600 1160961
214000 1124817
214400 1139844
214800 1100615
215200 1158761
215600 1107033
216000 1087121
216400 1015128
216800 1392664
217200 1140697
217600 1167715
218000 1766004
218400 1022050
218800 1275809
219200 1313082
219600 1005758
220000 1163505
220400 1162734
220800 1403133
221200 1450233
221600 1335914
222000 1833418
222400 1600306
222800 1771741
223200 1655680
223600 1890512
224000 1968175
224400 2336975
224800 2332981
225200 2066796
225600 1659602
226000 2059848
226400 1844921
226800 1567459
227200 1583362
227600 1482923
228000 1397892
228400 1394928
228800 1521170
229200 1334139
229600 1270470
230000 1067871
230400 1194976
230800 1425941
231200 1180874
231600 1232462
232000 1131938
232400 1200734
232800 1245903
233200 1424449
233600 1341282
234000 1272586
234400 1427877
234800 1048497
235200 1115498
235600 1226624
236000 1186303
236400 1015192
236800 1320511
237200 1155216
237600 1165999
238000 883330
238400 1095015
238800 1024233
239200 1107653
239600 1091378
240000 1175986
240400 1236665
240800 1098973
241200 1124419
241600 1176474
242000 1147392
242400 1167238
242800 987443
243200 1044337
243600 1100535
244000 1418106
244400 1126235
244800 1241598
245200 1159696
245600 1045880
246000 1371026
246400 1157661
246800 1241906
247200 1097063
247600 1208541
248000 988608
248400 1099798
248800 1211794
249200 1263042
249600 1109271
250000 1184490
250400 1071117
250800 1157108
251200 1065831
251600 1584390
252000 1381905
252400 1710790
252800 1151382
253200 1046389
253600 1187133
254000 1234967
254400 1247085
254800 1143279
255200 1063840
255600 1148464
256000 1165991
256400 1232029
256800 1084321
257200 1319359
257600 1125873
258000 1356990
258400 1306460
258800 1158485
259200 1365043
259600 1341608
260000 1198391
260400 1193249
260800 1224171
261200 1429333
261600 1242567
262000 1209242
262400 1521250
262800 1299043
263200 1345341
263600 1110467
264000 1316483
264400 1485841
264800 1399997
265200 1214382
265600 1107011
266000 1614737
266400 1291440
266800 1492170
267200 1451112
267600 1534664
268000 1452302
268400 1261428
268800 1333220
269200 1430455
269600 1352288
270000 1277912
270400 1208109
270800 1326234
271200 1274649
271600 1331022
272000 1343014
272400 1328419
272800 1693396
273200 1347907
273600 1366011
274000 1393573
274400 1816465
274800 1511089
275200 1522567
275600 1427651
276000 1161163
276400 1161017
276800 1245317
277200 1452612
277600 1654383
278000 1463291
278400 1404808
278800 1271924
279200 1277852
279600 1192671
280000 1822811
280400 1350519
280800 1310541
281200 1373002
281600 1288554
282000 1422217
282400 1663239
282800 1475388
283200 1460872
283600 1524259
284000 1910336
284400 1295722
284800 1609907
285200 1266455
285600 1287747
286000 1389705
286400 1646754
286800 1647022
287200 1632263
287600 1566344
288000 1300980
288400 1459220
288800 1322806
289200 1608979
289600 1179098
290000 1516337
290400 1468776
290800 1546390
291200 1257803
291600 1291918
292000 1328441
292400 1378055
292800 1278349
293200 1468431
293600 1649808
294000 1643217
294400 1697927
294800 2106214
295200 3117494
295600 2290629
296000 2280882
296400 1820771
296800 2257454
297200 2125318
297600 2247032
298000 2613293
298400 2824949
298800 2273497
299200 2433637
299600 2073702
300000 2067230
300400 1497318
300800 1670011
301200 2011226
301600 1592620
302000 1512701
302400 1493465
302800 1879493
303200 1972218
303600 1945626
304000 1587779
304400 1692185
304800 1661447
305200 1754791
305600 1667578
306000 1899920
306400 2180095
306800 2180336
307200 1855541
307600 1758521
308000 1625321
308400 1962864
308800 1820486
309200 2091539
309600 1829286
310000 1622726
310400 1829588
310800 1923317
311200 1981686
311600 2189291
312000 1775364
312400 1774051
312800 1820599
313200 1867631
313600 1695650
314000 1886974
314400 1969941
314800 1864643
315200 2124311
315600 1617072
316000 1826740
316400 1941713
316800 2182786
317200 1612700
317600 2016801
318000 1924091
318400 1807779
318800 1783342
319200 1874572
319600 1801781
320000 2125641
320400 1766677
320800 1975193
321200 3006524
321600 6062287
322000 5652731
322400 3810447
322800 4203307
323200 3994189
323600 3789517
324000 2888616
324400 3653630
324800 2539080
325200 2836658
325600 4029275
326000 4247673
326400 4127553
326800 3834517
327200 5196913
327600 4569363
328000 4053766
328400 3348923
328800 2844808
329200 2597362
329600 2297751
330000 2281320
330400 2523263
330800 2688129
331200 2318944
331600 2397712
332000 2354653
332400 2214842
332800 2101556
333200 2466778
333600 2121556
334000 2140183
334400 2303238
334800 2049082
335200 2430872
335600 2215017
336000 2110815
336400 2642703
336800 2053227
337200 2089863
337600 2093107
338000 2156746
338400 2122134
338800 2190496
339200 2369476
339600 1920571
340000 2131975
340400 2311903
340800 2223896
341200 2179069
341600 1880582
342000 2310831
342400 2046051
342800 2032022
343200 1754725
343600 2264631
344000 2181928
344400 1844447
344800 2004047
345200 2111427
345600 2189251
346000 2390032
346400 2300165
346800 2397493
347200 1974308
347600 2306179
348000 2375749
348400 1997112
348800 2447394
349200 1962146
349600 1947593
350000 2369819
350400 2098675
350800 2353921
351200 2149786
351600 2307884
352000 2434616
352400 1869306
352800 2017060
353200 2079711
353600 2369440
354000 2010142
354400 2029259
354800 2142584
355200 2070758
355600 1992249
356000 1922221
356400 2295302
356800 2067982
357200 2360034
357600 2089640
358000 1903137
358400 2188536
358800 2412593
359200 2079080
359600 1939802
360000 2122268
360400 1935589
360800 2078019
361200 1785115
361600 2669206
362000 2097827
362400 2495882
362800 2309728
363200 2003428
363600 2371376
364000 2319058
364400 2165955
364800 2314741
365200 2147539
365600 2136934
366000 2665122
366400 1758015
366800 2049230
367200 2307916
367600 2069209
368000 1916866
368400 2030250
368800 1911061
369200 2236399
369600 1953282
370000 2182527
370400 2411697
370800 2043818
371200 2333347
371600 2446087
372000 2035531
372400 2205030
372800 2132416
373200 2183957
373600 2393102
374000 3743319
374400 2498499
374800 2267702
375200 2191889
375600 2201187
376000 1934931
376400 2055418
376800 2221890
377200 2376421
377600 2477298
378000 2090739
378400 2250729
378800 2091725
379200 2113158
379600 2158609
380000 2230160
380400 2136161
380800 2038951
381200 2555290
381600 2448460
382000 2325615
382400 2222675
382800 2422868
383200 2515584
383600 1976794
384000 2331772
384400 2177729
384800 2145778
385200 2507995
385600 2144156
386000 2079849
386400 2326130
386800 2308469
387200 2386827
387600 2449522
388000 2217411
388400 2117705
388800 2296684
389200 2293676
389600 2273056
390000 2172258
390400 2244496
390800 2426055
391200 2405670
391600 2480907
392000 2555252
392400 2527453
392800 2592651
393200 2315244
393600 2473456
394000 2024758
394400 2356484
394800 2275399
395200 2456577
395600 2427968
396000 2021850
396400 2693530
396800 2188544
397200 2682292
397600 2509702
398000 2706597
398400 2322088
398800 2517077
399200 2275455
399600 2254970
400000 2527410
400400 2175194
400800 2379413
401200 2243272
401600 2479729
402000 2175155
402400 2601392
402800 2095504
403200 2653217
403600 3161707
404000 3018070
404400 2325965
404800 2810976
405200 2824152
405600 2222943
406000 2702643
406400 2278012
406800 3096340
407200 3152829
407600 3305510
408000 2508546
408400 2511923
408800 2416833
409200 2371543
409600 2846931
410000 2115188
410400 2295180
410800 2164536
411200 2496345
411600 2435655
412000 2439087
412400 2637334
412800 2567767
413200 3173071
413600 2602169
414000 2488344
414400 2686938
414800 2805747
415200 2405743
415600 2545811
416000 2274913
416400 2509353
416800 2255054
417200 2269488
417600 2511005
418000 2621766
418400 2325366
418800 2475227
419200 2723364
419600 2402654
420000 2135807
420400 2352262
420800 2211591
421200 2105476
421600 2465917
422000 2634019
422400 2597907
422800 2967252
423200 2462119
423600 2829514
424000 2354475
424400 3232482
424800 3119505
425200 2862405
425600 2734550
426000 5188415
426400 5411056
426800 4467362
427200 3564160
427600 3074708
428000 3853159
428400 4196116
428800 2425181
429200 3029228
429600 3182108
430000 2598682
430400 2439620
430800 2401073
431200 2256458
431600 2318680
432000 2181629
432400 2173480
432800 2318100
433200 2117390
433600 2310704
434000 2412538
434400 2516650
434800 2255458
435200 2468174
435600 2473343
436000 2194565
436400 2514916
436800 2475987
437200 2473856
437600 2396670
438000 2387167
438400 2533719
438800 2768660
439200 2550896
439600 2408347
440000 2103620
440400 2180422
440800 2737353
441200 2316505
441600 2515600
442000 2386300
442400 2210917
442800 2225314
443200 2183449
443600 2032768
444000 2154190
444400 4805976
444800 5212658
445200 3809287
445600 3522646
446000 3420261
446400 2890253
446800 3233774
447200 2765037
447600 2903999
448000 3122210
448400 3112620
448800 2781582
449200 2562768
449600 2527131
450000 2393694
450400 2241212
450800 2352106
451200 2480219
451600 2500906
452000 2708830
452400 2537877
452800 2221039
453200 2805131
453600 2156577
454000 2258260
454400 2701925
454800 2224156
455200 2091441
455600 2570819
456000 3250958
456400 3202433
456800 2655061
457200 3432495
457600 2357461
458000 2382287
458400 2534539
458800 2524202
459200 2603439
459600 2653811
460000 2763145
460400 2434579
460800 2229544
461200 2659740
461600 2457321
462000 2676869
462400 2814741
462800 2746122
463200 2566340
463600 2636192
464000 2548858
464400 2587326
464800 2321435
465200 3003927
465600 2643244
466000 2271603
466400 2900609
466800 2188566
467200 2647254
467600 2920591
468000 2674985
468400 2330502
468800 3086486
469200 2546213
469600 3217022
470000 3014750
470400 2890813
470800 2918326
471200 3463315
471600 5256584
472000 7292495
472400 3818863
472800 3731403
473200 3324377
473600 3376985
474000 2936823
474400 2594922
474800 2768404
475200 2818076
475600 3003026
476000 2702444
476400 2673987
476800 2633700
477200 2646862
477600 2483682
478000 2530481
478400 2459681
478800 2606742
479200 2556284
479600 2687323
480000 2873424
480400 3216441
480800 2598491
481200 3054446
481600 3077525
482000 2507376
482400 2596477
482800 2723912
483200 2632858
483600 2775300
484000 2869143
484400 3640892
484800 3525026
485200 3143572
485600 2910138
486000 2606797
486400 2320994
486800 2109037
487200 2719894
487600 2742124
488000 2800350
488400 2484033
488800 2476651
489200 2653373
489600 2310074
490000 2780976
490400 3034160
490800 2265345
491200 2557551
491600 2685567
492000 3028999
492400 2850526
492800 2717871
493200 3497123
493600 3073745
494000 2802268
494400 3186923
494800 2789707
495200 2406204
495600 2582572
496000 2455608
496400 2983423
496800 2707162
497200 2888400
497600 3251945
498000 2992418
498400 2473945
498800 2558275
499200 2630287
499600 2872157
500000 3140317
500400 2463011
500800 2853510
501200 2823769
501600 3016375
502000 2692111
502400 3047995
502800 3433793
503200 2870451
503600 3324440
504000 3013199
504400 2923271
504800 2681843
505200 2914371
505600 3419051
506000 2674341
506400 2717845
506800 2797526
507200 2344613
507600 2773234
508000 2917233
508400 2306457
508800 2343428
509200 2367563
509600 2133463
510000 2510268
510400 2619759
510800 2453405
511200 2357232
511600 2749841
512000 3687818
512400 2462786
512800 2827670
513200 2941440
513600 2740972
514000 2872557
514400 2536418
514800 2915363
515200 2997162
515600 2931067
516000 2698120
516400 2878743
516800 2341259
517200 2675597
517600 2400094
518000 2425185
518400 2881115
518800 2487495
519200 2808331
519600 2331159
520000 2374150
520400 2713241
520800 2536675
521200 2799804
521600 2584314
522000 3063827
522400 2617166
522800 2631726
523200 2827039
523600 2534812
524000 2703067
524400 2526125
524800 3044804
525200 2992240
525600 2609644
526000 2839039
526400 2345680
526800 2504008
527200 2487604
527600 2785643
528000 2806681
528400 2529226
528800 2545839
529200 2801151
529600 2720827
530000 3284809
530400 2590586
530800 3036122
531200 3027832
531600 2852682
532000 2857073
532400 2842445
532800 2924501
533200 2847058
533600 2677046
534000 2669327
534400 2190220
534800 2614616
535200 2818456
535600 2484679
536000 2804881
536400 2624158
536800 2808624
537200 2925484
537600 2542396
538000 2632577
538400 2710835
538800 2616139
539200 2470217
539600 2841669
540000 2491638
540400 2399385
540800 2435113
541200 2474902
541600 2501067
542000 2795019
542400 3061487
542800 2903153
543200 2507643
543600 2375655
544000 2812856
544400 2868983
544800 2867850
545200 2823215
545600 2431222
546000 2640759
546400 2408259
546800 2540170
547200 2351167
547600 2518683
548000 2315787
548400 2496731
548800 3108565
549200 2633878
549600 2796085
550000 2700956
550400 2623570
550800 2819163
551200 2818174
551600 2843320
552000 2655637
552400 2485809
552800 2661001
553200 2376463
553600 2747134
554000 2298068
554400 2721618
554800 2764463
555200 2437076
555600 2369528
556000 2401832
556400 2712124
556800 3219079
557200 2592639
557600 2952984
558000 2934378
558400 2478676
558800 2394740
559200 2506421
559600 2525411
560000 2712254
560400 2898657
560800 2480038
561200 2362493
561600 2902245
562000 2904869
562400 2690164
562800 2482604
563200 2672537
563600 2631061
564000 2654661
564400 3131768
564800 2411119
565200 2531787
565600 2998316
566000 3123321
566400 3418344
566800 3275288
567200 2698667
567600 2500878
568000 2363666
568400 2788835
568800 2760688
569200 2553692
569600 2470466
570000 3006640
570400 2678197
570800 3177754
571200 2903169
571600 2633427
572000 2805898
572400 2660634
572800 2864330
573200 2969969
573600 2729312
574000 2575567
574400 2969153
574800 3232514
575200 2646359
575600 2636356
576000 2998665
576400 2745415
576800 2597274
577200 2783090
577600 2759989
578000 3623912
578400 3102426
578800 2628365
579200 2944766
579600 2559537
580000 2808817
580400 2808985
580800 2804393
581200 2603636
581600 2500524
582000 3210609
582400 2793221
582800 3246248
583200 2689497
583600 2354222
584000 2773076
584400 2683689
584800 2929864
585200 2636876
585600 3295262
586000 2723011
586400 2860829
586800 2631346
587200 2554659
587600 2600137
588000 2747022
588400 3232710
588800 3499091
589200 3950184
589600 3055854
590000 3247379
590400 3517069
590800 2932147
591200 2829422
591600 2653878
592000 2688987
592400 2983602
592800 2678705
593200 2685679
593600 3078802
594000 2670677
594400 3499482
594800 2920908
595200 3095119
595600 3060808
596000 2632490
596400 2876688
596800 3594602
597200 2639048
597600 2782389
598000 3197512
598400 3115162
598800 2978700
599200 2734598
599600 3060132
600000 2694788
600400 2691868
600800 2400826
601200 2426406
601600 2786678
602000 3067456
602400 2985327
602800 2865282
603200 3008985
603600 2664091
604000 3172253
604400 3437281
604800 2924158
605200 2896457
605600 2781973
606000 2793268
606400 2975899
606800 3060005
607200 2647726
607600 3058182
608000 3271456
608400 2898782
608800 3000325
609200 2786561
609600 3464089
610000 3638747
610400 5162162
610800 6600069
611200 6141651
611600 4480213
612000 4177360
612400 7913714
612800 7085273
613200 6415409
613600 3129686
614000 3198482
614400 3724403
614800 3164584
615200 4005440
615600 3288948
616000 3325299
616400 3155845
616800 3425252
617200 3086879
617600 3005859
618000 2719200
618400 3205619
618800 3460206
619200 3397222
619600 3388321
620000 3097170
620400 3096424
620800 2979019
621200 2847734
621600 3428153
622000 2773910
622400 3022255
622800 2754103
623200 2947591
623600 3493972
624000 3243911
624400 2956396
624800 3039200
625200 3573299
625600 3086695
626000 2717322
626400 3126123
626800 3307331
627200 3009232
627600 3018938
628000 2817203
628400 3032002
628800 2744571
629200 3321369
629600 3134124
630000 3243722
630400 3246923
630800 3075657
631200 3483215
631600 3279202
632000 3246626
632400 4899788
632800 3242658
633200 3141318
633600 3338795
634000 3200371
634400 3012011
634800 3347738
635200 2970713
635600 2939039
636000 3257525
636400 3468406
636800 3004625
637200 3319499
637600 3411451
638000 3231302
638400 2896454
638800 3448622
639200 3223046
639600 3766308
640000 3860989
640400 3570040
640800 3280674
641200 3187467
641600 3506030
642000 3471852
642400 2998465
642800 2963347
643200 3288915
643600 3078173
644000 3268486
644400 3666652
644800 3361271
645200 3000255
645600 3137990
646000 3505666
646400 3088046
646800 3556962
647200 2841969
647600 3181363
648000 3096004
648400 3607716
648800 2706564
649200 3318645
649600 3481005
650000 3041718
650400 3011799
650800 3058833
651200 3156488
651600 3228918
652000 3327742
652400 3118680
652800 2809159
653200 3328723
653600 3534304
654000 3033144
654400 3473384
654800 2981707
655200 3123961
655600 3038882
656000 3379070
656400 3066846
656800 3511660
657200 3397861
657600 3334308
658000 3332211
658400 3274947
658800 3026185
659200 3470229
659600 3683126
660000 2787933
660400 3086395
660800 3417988
661200 3406363
661600 2804055
662000 2991359
662400 3301537
662800 3478266
663200 3161986
663600 2943212
664000 3568510
664400 3291602
664800 3087087
665200 3749642
665600 3737558
666000 3098516
666400 3041756
666800 3232201
667200 2929707
667600 3116073
668000 3182523
668400 3105460
668800 3131856
669200 3181554
669600 3433431
670000 3715395
670400 3631584
670800 3248653
671200 3545168
671600 3324096
672000 3245344
672400 3179618
672800 3118195
673200 3642391
673600 3269112
674000 3558398
674400 3533913
674800 3539677
675200 2991122
675600 3772907
676000 3365577
676400 2870133
676800 3269314
677200 3174408
677600 3619839
678000 3612415
678400 2978530
678800 3624476
679200 3387229
679600 3087870
680000 3626870
680400 3527285
680800 3505160
681200 3957665
681600 3420699
682000 3719158
682400 3522873
682800 3340276
683200 3172473
683600 3483395
684000 3933521
684400 3089318
684800 3295750
685200 3430045
685600 3518450
686000 3058839
686400 3337647
686800 3410562
687200 3170342
687600 3677642
688000 3315284
688400 3283281
688800 3370771
689200 3559674
689600 3072300
690000 3771622
690400 3250117
690800 3340570
691200 3360501
691600 3344252
692000 3351344
692400 3105301
692800 3234301
693200 3033347
693600 3614084
694000 3403050
694400 3397447
694800 3069574
695200 4032279
695600 3641395
696000 3604142
696400 3600858
696800 3255788
697200 3625959
697600 3345939
698000 3041099
698400 3225248
698800 3562277
699200 3529304
699600 3418836
700000 3920631
700400 3426039
700800 3593685
701200 3444818
701600 3482167
702000 3346317
702400 3550712
702800 3547493
703200 3368862
703600 3440320
704000 3304151
704400 3847526
704800 3349666
705200 3846677
705600 3600491
706000 3660523
706400 3811829
706800 3703223
707200 3842806
707600 3248712
708000 3736661
708400 4160522
708800 3609357
709200 4207666
709600 3527013
710000 3534183
710400 3294484
710800 3357446
711200 3460324
711600 3388170
712000 3226595
712400 3594424
712800 3073372
713200 3398660
713600 3525089
714000 4996566
714400 3595276
714800 4156078
715200 3374283
715600 3940342
716000 3639676
716400 3434704
716800 3704552
717200 3612897
717600 3739264
718000 3821503
718400 3529505
718800 3178871
719200 3826623
719600 3605098
720000 3340988
720400 3810017
720800 3498598
721200 3358451
721600 3601093
722000 4090190
722400 3478151
722800 3413929
723200 4229168
723600 3980997
724000 3434869
724400 4555289
724800 4337777
725200 3199327
725600 3546176
726000 3495829
726400 3641945
726800 3441024
727200 3735279
727600 4059716
728000 3470746
728400 4013539
728800 3419691
729200 3584252
729600 3708805
730000 3635763
730400 3564995
730800 3344671
731200 4092687
731600 3298193
732000 3519224
732400 3582976
732800 3886114
733200 3635620
733600 3323851
734000 3508019
734400 3586317
734800 4249863
735200 3959306
735600 4397490
736000 3426467
736400 3582037
736800 3482409
737200 3661183
737600 4343666
738000 3794849
738400 3336227
738800 3629606
739200 3775983
739600 3443919
740000 3475779
740400 3880675
740800 3569821
741200 3739160
741600 3425838
742000 3592537
742400 3802972
742800 3443798
743200 3945367
743600 3711943
744000 3598950
744400 3779858
744800 3750952
745200 3899219
745600 3712967
746000 4523849
746400 3967469
746800 3554182
747200 3409226
747600 3809838
748000 3943220
748400 3698112
748800 3977713
749200 4020789
749600 3502525
750000 3661433
750400 3519834
750800 3631265
751200 4023435
751600 4039556
752000 3734966
752400 3938961
752800 3666221
753200 3400495
753600 3361263
754000 3746589
754400 3859340
754800 3981116
755200 3744138
755600 3635433
756000 3645154
756400 3662212
756800 4028266
757200 3409124
757600 3961513
758000 3748688
758400 3691531
758800 3595605
759200 3794726
759600 3562616
760000 4131965
760400 3765266
760800 4192535
761200 3354873
761600 3475641
762000 3745677
762400 3706205
762800 4232714
763200 3324148
763600 3697212
764000 4093618
764400 4061063
764800 4149508
765200 3454863
765600 4011777
766000 4204680
766400 4070385
766800 3616842
767200 3677379
767600 4112992
768000 3620424
768400 4039304
768800 3804271
769200 3976905
769600 3497191
770000 3723643
770400 3457367
770800 3935074
771200 4425197
771600 3543582
772000 3336583
772400 3851275
772800 3797281
773200 4435286
773600 3477582
774000 3672386
774400 3870917
774800 3753018
775200 4151096
775600 4193745
776000 3495513
776400 3521182
776800 3740430
777200 4291064
777600 3545471
778000 4053724
778400 4348802
778800 4323059
779200 3963921
779600 4031922
780000 3762249
780400 3580698
780800 4261132
781200 5564286
781600 3964054
782000 4279405
782400 3683540
782800 3745008
783200 3769059
783600 3871002
784000 3981537
784400 3349209
784800 3985386
785200 3906662
785600 3970504
786000 3851112
786400 3802500
786800 3782671
787200 4076328
787600 4362761
788000 3904813
788400 3767114
788800 3849108
789200 3927445
789600 3917694
790000 4153633
790400 3706671
790800 3717981
791200 4237906
791600 3985789
792000 4658562
792400 3888636
792800 3630126
793200 4069984
793600 3964034
794000 3633450
794400 3805425
794800 4372373
795200 3924369
795600 4532915
796000 3751237
796400 3863898
796800 4149902
797200 3786671
797600 3765547
798000 4213659
798400 3961921
798800 3708889
799200 4411466
799600 3858038
800000 3793990
800400 3868125
800800 4188283
801200 3658171
801600 3851864
802000 3620755
802400 3720179
802800 3975953
803200 3824155
803600 4301855
804000 3502671
804400 4291137
804800 4487015
805200 4242526
805600 3769838
806000 4390699
806400 3888431
806800 3904444
807200 3907280
807600 3948505
808000 4017163
808400 4098701
808800 4007651
809200 3870316
809600 4144620
810000 4174665
810400 3582632
810800 4696684
811200 4150552
811600 3987008
812000 3870535
812400 4045224
812800 3827900
813200 3987503
813600 3821680
814000 3830095
814400 3781891
814800 3943841
815200 3695522
815600 4074007
816000 4225641
816400 3980612
816800 4195509
817200 4467142
817600 4015879
818000 3983929
818400 4390365
818800 3854712
819200 4073797
819600 3984944
820000 4362816
820400 3713759
820800 4493302
821200 4567439
821600 3812932
822000 4183032
822400 3840442
822800 3798262
823200 4528197
823600 3815843
824000 4203307
824400 3741228
824800 3809487
825200 4020047
825600 4202298
826000 4010401
826400 4018993
826800 4450378
827200 3840872
827600 3904190
828000 4090454
828400 4232762
828800 4193156
829200 4175474
829600 4051522
830000 3971731
830400 4395446
830800 3594915
831200 4131760
831600 4340722
832000 4024172
832400 4349531
832800 3801868
833200 3714932
833600 4463545
834000 4318686
834400 4164536
834800 4362248
835200 3892479
835600 4254370
836000 4830142
836400 4025806
836800 4411923
837200 3718870
837600 4072599
838000 5194477
838400 4193710
838800 4525026
839200 3876314
839600 5604613
840000 4083691
840400 3784529
840800 3867642
841200 4204003
841600 4198052
842000 3935343
842400 4391592
842800 3931809
843200 3889497
843600 4234746
844000 3605751
844400 4245673
844800 3668908
845200 4130974
845600 4248226
846000 4677180
846400 4392347
846800 3920912
847200 4051986
847600 4135881
848000 3969180
848400 3660789
848800 3878378
849200 4606391
849600 4049957
850000 4089435
850400 4284050
850800 3989867
851200 4356862
851600 4341633
852000 4000149
852400 4246782
852800 3963564
853200 4339220
853600 4626392
854000 3922450
854400 4652083
854800 4778902
855200 4553774
855600 3998040
856000 4125134
856400 4573160
856800 4425724
857200 3930774
857600 4374856
858000 4375005
858400 4319444
858800 3733799
859200 4319534
859600 4214061
860000 4166326
860400 3975718
860800 4028906
861200 4267394
861600 4155704
862000 4269890
862400 4073793
862800 4417172
863200 4057034
863600 4148223
864000 4253420
864400 4425332
864800 3767082
865200 3849065
865600 4010037
866000 4060371
866400 3919503
866800 4450466
867200 4287206
867600 3812645
868000 4172612
868400 3947615
868800 4285913
869200 3998415
869600 3977412
870000 4397228
870400 4340611
870800 4180326
871200 3970357
871600 3970374
872000 4626715
872400 3991663
872800 4214750
873200 4256173
873600 4551130
874000 4441409
874400 4131185
874800 4451531
875200 3943146
875600 4159980
876000 3993218
876400 3899743
876800 4302047
877200 4442098
877600 4343000
878000 5872287
878400 4116291
878800 4908023
879200 4387043
879600 4409184
880000 4940907
880400 4161781
880800 4923728
881200 4180453
881600 4628343
882000 3982674
882400 4444522
882800 4379032
883200 4385858
883600 3694588
884000 4760831
884400 4067928
884800 3932474
885200 4428662
885600 3799241
886000 4085493
886400 4745502
886800 4079282
887200 3942897
887600 5000999
888000 4470688
888400 4097923
888800 4034592
889200 4697565
889600 4387841
890000 4903408
890400 4278494
890800 4856294
891200 4379893
891600 4188749
892000 4837804
892400 4206718
892800 4755247
893200 4699911
893600 4224929
894000 4034264
894400 3871114
894800 3973888
895200 4048115
895600 4129338
896000 4069011
896400 4509007
896800 4052665
897200 4386313
897600 3983312
898000 5305207
898400 3998356
898800 4612293
899200 4515251
899600 4187080
900000 4382152
900400 4816502
900800 4220984
901200 4145902
901600 4377941
902000 4465994
902400 4185200
902800 4507409
903200 4580271
903600 4016959
904000 4317882
904400 4564946
904800 4148369
905200 4331112
905600 4737405
906000 5007435
906400 4321604
906800 3870095
907200 4097625
907600 3883397
908000 4052572
908400 5165049
908800 4556560
909200 4314054
909600 5005271
910000 4158303
910400 4283765
910800 4412581
911200 4258915
911600 4349724
912000 4508210
912400 4230312
912800 4520210
913200 4748379
913600 4939912
914000 4149833
914400 4731826
914800 4734418
915200 4414404
915600 4399243
916000 4557190
916400 4638925
916800 4404473
917200 5209713
917600 4235458
918000 4714409
918400 4869133
918800 4549638
919200 4835398
919600 4587771
920000 3965594
920400 4511388
920800 4572480
921200 4335669
921600 4719460
922000 4726039
922400 4505779
922800 4250050
923200 4900726
923600 4369232
924000 4518941
924400 4670259
924800 3977546
925200 4233229
925600 4576607
926000 4678534
926400 4490173
926800 4222947
927200 4063388
927600 4839604
928000 4589104
928400 4742194
928800 4545198
929200 4280541
929600 4986691
930000 4279833
930400 4132643
930800 4733063
931200 4772542
931600 4097579
932000 4328676
932400 4544335
932800 4103046
933200 3786407
933600 4346711
934000 4738327
934400 5017034
934800 4309635
935200 4393892
935600 4102043
936000 4425632
936400 4918293
936800 4527184
937200 4614015
937600 4343555
938000 5521941
938400 4903303
938800 3903962
939200 4980209
939600 4630976
940000 4511122
940400 4705664
940800 4343405
941200 4966623
941600 4618860
942000 4674189
942400 4747933
942800 4175269
943200 4677019
943600 4643772
944000 4629762
944400 4513794
944800 4332263
945200 4949585
945600 4234949
946000 5051265
946400 5141832
946800 4355983
947200 4847111
947600 4143814
948000 4155956
948400 4707163
948800 4975433
949200 4463228
949600 4233782
950000 4480499
950400 4474168
950800 4235377
951200 4515222
951600 4876248
952000 4314046
952400 4713712
952800 4278938
953200 5272214
953600 4461656
954000 4503853
954400 4013405
954800 4575832
955200 4940660
955600 5234623
956000 4586300
956400 4726354
956800 4022048
957200 4836103
957600 4294347
958000 5395953
958400 4285862
958800 4163150
959200 4749215
959600 4723718
960000 4514195
960400 4267107
960800 5394229
961200 4818121
961600 5586345
962000 4457250
962400 5221939
962800 4770963
963200 4337868
963600 4317050
964000 4722117
964400 4631432
964800 5170328
965200 4589611
965600 4511018
966000 5214202
966400 4335788
966800 4554216
967200 4648279
967600 4862521
968000 5359666
968400 4220132
968800 4801432
969200 4478655
969600 5386991
970000 4900703
970400 4375651
970800 4772927
971200 4996824
971600 5794692
972000 4200462
972400 4496202
972800 5070462
973200 4642127
973600 4595777
974000 4419853
974400 4495079
974800 4203225
975200 4774990
975600 4206024
976000 4818517
976400 4443801
976800 5037977
977200 5372064
977600 4703909
978000 5410302
978400 4662406
978800 4901952
979200 5122627
979600 5090466
980000 4173007
980400 4713763
980800 4399397
981200 4429248
981600 4766359
982000 4686478
982400 4725799
982800 4050685
983200 4778045
983600 4862150
984000 4418307
984400 5325364
984800 3933977
985200 4471662
985600 4090019
986000 4871873
986400 4738815
986800 4464561
987200 4512492
987600 5270663
988000 4133660
988400 5311547
988800 4787374
989200 4271716
989600 5184348
990000 5122203
990400 4293145
990800 6022845
991200 5820816
991600 4994578
992000 4907359
992400 5118568
992800 4252864
993200 5021956
993600 5051757
994000 4273283
994400 4289352
994800 4334529
995200 5150323
995600 4575839
996000 5244343
996400 4823764
996800 4830688
997200 4041100
997600 4884981
998000 4960205
998400 4635874
998800 4138780
999200 5751693
999600 5021722
