100000 2263581
100400 1637649
100800 1636410
101200 1570003
101600 1559769
102000 1486723
102400 1733932
102800 1570460
103200 1611395
103600 1505388
104000 1532804
104400 1588686
104800 1852325
105200 1610400
105600 1566175
106000 1570531
106400 1666007
106800 1632259
107200 1693381
107600 1663331
108000 1846023
108400 1761133
108800 1925853
109200 1664885
109600 1714776
110000 1858917
110400 1810623
110800 1710472
111200 1761831
111600 1860660
112000 1754075
112400 2281954
112800 2120216
113200 1812558
113600 1692109
114000 1777651
114400 1855416
114800 1818876
115200 1777820
115600 1889835
116000 1807592
116400 1849042
116800 1826103
117200 1714459
117600 1919507
118000 1733183
118400 1763931
118800 1922011
119200 1891814
119600 1811852
120000 1932712
120400 1772318
120800 1928043
121200 1924702
121600 1904338
122000 1923596
122400 1852192
122800 2384446
123200 2066356
123600 1847032
124000 1887197
124400 2310461
124800 2909143
125200 3122220
125600 1789088
126000 1767992
126400 1821846
126800 1766528
127200 1806404
127600 1936075
128000 1940043
128400 1862346
128800 1757775
129200 1840602
129600 1792967
130000 1820412
130400 1832263
130800 1881110
131200 1811298
131600 1967208
132000 1832117
132400 1866201
132800 2982459
133200 1987174
133600 1937884
134000 1901304
134400 1872956
134800 1820498
135200 2105464
135600 1948622
136000 1960071
136400 1811994
136800 1895445
137200 1816831
137600 1956350
138000 1864571
138400 1986941
138800 1980400
139200 1987406
139600 1946494
140000 1945808
140400 1947240
140800 1957002
141200 1993338
141600 1905711
142000 2017089
142400 2050962
142800 1993772
143200 2461492
143600 1960436
144000 2088858
144400 1994940
144800 1994454
145200 2053229
145600 2047752
146000 2025184
146400 1978850
146800 2018307
147200 2092487
147600 2088420
148000 2064585
148400 2094626
148800 2110389
149200 2115421
149600 2012473
150000 2193412
150400 2140365
150800 2233756
151200 2298185
151600 2224966
152000 2105306
152400 2206863
152800 2176947
153200 2614273
153600 2503753
154000 2165698
154400 2151864
154800 2163070
155200 2090611
155600 2188956
156000 2169891
156400 2204792
156800 2147066
157200 2186764
157600 2262923
158000 2165398
158400 2262527
158800 2313914
159200 2360029
159600 2324843
160000 2266355
160400 2295710
160800 2228578
161200 2319682
161600 2240355
162000 2253550
162400 2265348
162800 2223944
163200 2316347
163600 2336454
164000 2358557
164400 2294649
164800 2249222
165200 2380115
165600 2321940
166000 2276080
166400 2389448
166800 2253236
167200 2344647
167600 2332132
168000 2366491
168400 2350599
168800 2301119
169200 2394303
169600 2504433
170000 2366904
170400 2351577
170800 2356713
171200 2365484
171600 2387840
172000 2416141
172400 2434553
172800 2492945
173200 2423660
173600 2473748
174000 2516488
174400 2442102
174800 3454367
175200 2496724
175600 2488191
176000 2499889
176400 2349815
176800 2378086
177200 2511561
177600 2475729
178000 2486094
178400 2400325
178800 2590813
179200 2477539
179600 2545837
180000 2507468
180400 2527504
180800 2442026
181200 2558920
181600 2603850
182000 2492836
182400 2642920
182800 2649941
183200 2483633
183600 2656166
184000 2668018
184400 2708437
184800 2662133
185200 2594147
185600 2596980
186000 2757838
186400 2642911
186800 2601438
187200 2624397
187600 2861059
188000 2711767
188400 2684564
188800 2627274
189200 2625572
189600 2706654
190000 2731770
190400 2826638
190800 2605268
191200 2650671
191600 2662200
192000 2659909
192400 2638835
192800 2733502
193200 2684047
193600 2720275
194000 2677413
194400 2716593
194800 2761311
195200 2734740
195600 2784463
196000 2760285
196400 2938707
196800 2806609
197200 2948595
197600 2819693
198000 2955589
198400 2843951
198800 2777737
199200 2972615
199600 2923264
200000 2955187
200400 3478045
200800 3034060
201200 2922557
201600 2879309
202000 2827508
202400 3086437
202800 3017820
203200 3012500
203600 2876667
204000 2870471
204400 2829136
204800 2918307
205200 2980533
205600 2938234
206000 2952111
206400 3021033
206800 3043415
207200 3059802
207600 3036184
208000 3093390
208400 3010414
208800 3075089
209200 3142146
209600 3018295
210000 3019974
210400 2937560
210800 2933406
211200 2907726
211600 2973942
212000 2998864
212400 2955726
212800 2999891
213200 3253547
213600 2992152
214000 3205188
214400 3215022
214800 2926923
215200 3022015
215600 3120629
216000 3180418
216400 2968272
216800 3072368
217200 3002315
217600 2988466
218000 3104776
218400 3117901
218800 3028583
219200 3149857
219600 3105326
220000 3029911
220400 3518917
220800 5256667
221200 3996413
221600 3998457
222000 3646849
222400 3827599
222800 4396194
223200 4266753
223600 4541011
224000 4286122
224400 5222614
224800 5529900
225200 6535361
225600 6992228
226000 5703240
226400 5360526
226800 4939333
227200 4771267
227600 4699877
228000 4283971
228400 4357151
228800 4329915
229200 4355391
229600 4835067
230000 4781367
230400 4766917
230800 4328215
231200 5135029
231600 3597985
232000 3905444
232400 3809954
232800 3558212
233200 3478304
233600 3476455
234000 3483048
234400 3608323
234800 3596646
235200 3538296
235600 3656304
236000 3620485
236400 3601455
236800 3576588
237200 3578581
237600 3873247
238000 3620894
238400 3764562
238800 3764056
239200 4084474
239600 4652875
240000 3524211
240400 3850665
240800 3934469
241200 4000228
241600 3932191
242000 3650915
242400 3792368
242800 3604960
243200 3718305
243600 3533376
244000 3769150
244400 3560176
244800 3941745
245200 3996763
245600 4677548
246000 4030472
246400 3729559
246800 3604342
247200 3729363
247600 3737945
248000 3772206
248400 3635665
248800 3822500
249200 3902450
249600 3734186
250000 3880722
250400 3665844
250800 3666248
251200 3818952
251600 3774164
252000 4012722
252400 4036193
252800 4096547
253200 4089154
253600 4225616
254000 4254065
254400 4085028
254800 4040008
255200 4005498
255600 3914990
256000 4057301
256400 3800028
256800 4466120
257200 4164099
257600 4076418
258000 3804020
258400 3852859
258800 4177603
259200 5340383
259600 3880462
260000 3890197
260400 3821152
260800 3798541
261200 3892799
261600 4023959
262000 4412314
262400 3906291
262800 3787067
263200 4139810
263600 4099902
264000 3984088
264400 3987532
264800 3850410
265200 4075227
265600 3906738
266000 3899186
266400 3947316
266800 3939480
267200 4049713
267600 3817563
268000 4198322
268400 5603629
268800 6448851
269200 6203160
269600 7171818
270000 10154874
270400 9558148
270800 8448732
271200 8296673
271600 8161641
272000 8889006
272400 8545163
272800 8415783
273200 8409874
273600 8720421
274000 8238593
274400 8371291
274800 8046301
275200 7839031
275600 7742103
276000 7361298
276400 7921431
276800 7911255
277200 8569353
277600 8058070
278000 8011130
278400 8282004
278800 6578975
279200 7195006
279600 6574102
280000 7235468
280400 7474400
280800 6182212
281200 5395781
281600 5448585
282000 5719937
282400 5295541
282800 5761604
283200 5205634
283600 5440110
284000 5461200
284400 5514485
284800 5429082
285200 5496428
285600 5586444
286000 5946752
286400 5095011
286800 6036223
287200 5961481
287600 7212079
288000 7607709
288400 8575037
288800 9435695
289200 7148990
289600 6101982
290000 5798187
290400 5564066
290800 5145177
291200 5133348
291600 5419989
292000 5289129
292400 5315965
292800 5288929
293200 5550622
293600 5397784
294000 5429507
294400 5367505
294800 5563155
295200 5322040
295600 5262106
296000 5350442
296400 5438320
296800 5790578
297200 5269270
297600 5802636
298000 5489659
298400 5519650
298800 5649729
299200 5661133
299600 5562076
300000 5406059
300400 5822477
300800 5560006
301200 5757459
301600 5535834
302000 5509476
302400 5269226
302800 5557604
303200 5334372
303600 5237576
304000 5368869
304400 5838326
304800 6465261
305200 7179783
305600 7043744
306000 7907287
306400 9142348
306800 6299796
307200 6376513
307600 6576521
308000 6626392
308400 6885344
308800 6914354
309200 6665290
309600 6536727
310000 6755657
310400 6300772
310800 6437019
311200 6853369
311600 7220198
312000 7366516
312400 8039715
312800 16330408
313200 13323401
313600 9681828
314000 13460120
314400 13976884
314800 10782329
315200 9102847
315600 7192188
316000 7848274
316400 7820005
316800 7237218
317200 7432296
317600 7377673
318000 7304740
318400 6935883
318800 6327822
319200 6623153
319600 7042472
320000 6743116
320400 7091471
320800 6791586
321200 6883520
321600 6815423
322000 7189970
322400 7114278
322800 6765835
323200 6366907
323600 6586794
324000 6764319
324400 7067360
324800 6898502
325200 6753995
325600 6847761
326000 6936881
326400 7119656
326800 7422717
327200 7421272
327600 6730027
328000 6573703
328400 7155378
328800 7838271
329200 6988494
329600 6724068
330000 6823278
330400 7336142
330800 7130633
331200 7016722
331600 6980067
332000 7056205
332400 7134636
332800 7303510
333200 6738119
333600 6914082
334000 7207763
334400 6578092
334800 7111609
335200 6762956
335600 6955976
336000 7023844
336400 7157583
336800 7388549
337200 6432084
337600 7173662
338000 7062549
338400 7557515
338800 7447952
339200 7762068
339600 7007133
340000 8438058
340400 6654161
340800 6784238
341200 7083368
341600 8237170
342000 7672147
342400 7584857
342800 6761986
343200 6756794
343600 7418737
344000 7436920
344400 6720421
344800 6746309
345200 7841104
345600 7948791
346000 7710870
346400 8299300
346800 13894067
347200 10584629
347600 9199749
348000 7472732
348400 6764004
348800 7240598
349200 6559783
349600 6795311
350000 6366482
350400 6709437
350800 7045475
351200 7470844
351600 7352267
352000 6583593
352400 6573170
352800 6914214
353200 12309081
353600 9029176
354000 7806225
354400 7103956
354800 7320476
355200 7002927
355600 6611128
356000 6703677
356400 6817284
356800 6727024
357200 6667588
357600 8065527
358000 7421631
358400 6914536
358800 7796530
359200 7150577
359600 7154156
360000 7008468
360400 7204729
360800 6661752
361200 6504384
361600 7811418
362000 7741621
362400 8333479
362800 7481809
363200 15063842
363600 9564497
364000 8311094
364400 7371734
364800 7303024
365200 6581182
365600 6643726
366000 7004583
366400 7683133
366800 6719922
367200 6783411
367600 6998418
368000 7580292
368400 7732271
368800 7075423
369200 6300574
369600 7266800
370000 6524514
370400 6775618
370800 7075320
371200 7204958
371600 7906998
372000 6952427
372400 6425876
372800 7849475
373200 8105534
373600 7266674
374000 6406506
374400 7166478
374800 7528033
375200 7854435
375600 6605805
376000 6816091
376400 7235991
376800 7544859
377200 6810983
377600 6521368
378000 6484004
378400 6584225
378800 8453887
379200 6613272
379600 6825838
380000 7130324
380400 7759178
380800 6743996
381200 6636369
381600 7382285
382000 6258723
382400 7366711
382800 6273747
383200 5931705
383600 6666282
384000 6608428
384400 6519605
384800 6697186
385200 6404895
385600 6598616
386000 6356464
386400 7910873
386800 7312279
387200 7019852
387600 6806126
388000 6278620
388400 7235044
388800 6720466
389200 6844827
389600 6448840
390000 6797469
390400 6974861
390800 6772987
391200 7101960
391600 6672297
392000 7245568
392400 6888585
392800 6928460
393200 6853661
393600 6858640
394000 6979129
394400 7087198
394800 6546245
395200 6774932
395600 6838798
396000 6326179
396400 6342289
396800 6785998
397200 6981154
397600 6858651
398000 7485400
398400 6977556
398800 6954239
399200 7484129
399600 6689283
400000 7659483
400400 7312317
400800 6680983
401200 6504892
401600 7465380
402000 7445503
402400 6908541
402800 7162478
403200 6733499
403600 7021097
404000 7307582
404400 7039670
404800 7732273
405200 6688414
405600 7370583
406000 7155591
406400 7364009
406800 7556532
407200 6681990
407600 6866583
408000 7280949
408400 6598270
408800 7003481
409200 8142725
409600 6253172
410000 7173538
410400 7270202
410800 6748047
411200 6934295
411600 7502800
412000 6811427
412400 6991734
412800 6903876
413200 7380061
413600 6781414
414000 6944331
414400 7167893
414800 7257902
415200 6594849
415600 7175658
416000 7085668
416400 6972756
416800 7658647
417200 8054414
417600 6722059
418000 11131407
418400 12913377
418800 11836704
419200 16874144
419600 8689417
420000 8329029
420400 7989392
420800 7088120
421200 8234882
421600 7184359
422000 7020875
422400 7859341
422800 7832234
423200 7681680
423600 7408363
424000 8269678
424400 7325263
424800 6915094
425200 7955252
425600 8348111
426000 7775178
426400 7653159
426800 7837852
427200 8815275
427600 7725729
428000 7876277
428400 7889501
428800 7724478
429200 8214607
429600 7900626
430000 7744595
430400 7768609
430800 7250233
431200 7666831
431600 8186491
432000 7721951
432400 7895222
432800 7826685
433200 8122494
433600 7843628
434000 7668861
434400 7961842
434800 7877346
435200 7668824
435600 7885001
436000 7758496
436400 8401422
436800 7919972
437200 8013275
437600 7909130
438000 7562356
438400 7516212
438800 8187345
439200 8150270
439600 7874789
440000 8142607
440400 7800244
440800 9095656
441200 7765309
441600 8298038
442000 7774824
442400 8000841
442800 7145967
443200 8165090
443600 7827581
444000 8203200
444400 7964100
444800 7964947
445200 7765278
445600 8521333
446000 7928830
446400 8006368
446800 8353821
447200 8150595
447600 7875781
448000 7744464
448400 7963487
448800 7833101
449200 7916251
449600 8118789
450000 7630872
450400 7822177
450800 8055309
451200 8061527
451600 8102861
452000 7874926
452400 8251639
452800 8370944
453200 8257015
453600 7974008
454000 8239281
454400 8152431
454800 7953355
455200 8213484
455600 8115746
456000 8366998
456400 8356205
456800 8004776
457200 8503146
457600 8359703
458000 7609331
458400 8208103
458800 7918410
459200 8365167
459600 8433591
460000 8474102
460400 8275604
460800 8426398
461200 8710943
461600 9014430
462000 8129876
462400 8771109
462800 8157133
463200 8177482
463600 8139510
464000 8446790
464400 8720412
464800 8192522
465200 8238592
465600 8005975
466000 8590640
466400 7797622
466800 8198640
467200 8494627
467600 8024156
468000 8205378
468400 8574315
468800 8285600
469200 8524452
469600 8796385
470000 8453308
470400 8226096
470800 8525070
471200 8587578
471600 8611376
472000 8535765
472400 8333469
472800 8308004
473200 8267256
473600 9062447
474000 8660103
474400 8262923
474800 8781779
475200 8326813
475600 9597298
476000 8954161
476400 8411451
476800 8775605
477200 8747201
477600 8400417
478000 7923871
478400 8431278
478800 8826154
479200 9022195
479600 8482554
480000 8743255
480400 8887573
480800 8477657
481200 8615559
481600 8670717
482000 8417920
482400 8976976
482800 8823358
483200 8866359
483600 7904411
484000 8592610
484400 8549641
484800 9249925
485200 8596458
485600 8417369
486000 8986382
486400 8362480
486800 9510977
487200 8968119
487600 8816219
488000 8748573
488400 9091283
488800 8931815
489200 8774611
489600 8853698
490000 8585266
490400 8685049
490800 8668757
491200 9970019
491600 8636092
492000 8630689
492400 8635403
492800 8820926
493200 8592540
493600 8695044
494000 8861021
494400 9147542
494800 8896862
495200 8566518
495600 8629628
496000 8447541
496400 9236651
496800 9611403
497200 8546086
497600 8688654
498000 8844968
498400 8936028
498800 9432372
499200 8351278
499600 8701664
500000 8675080
500400 9370952
500800 9150909
501200 8780477
501600 8343036
502000 9065073
502400 9006365
502800 8956440
503200 8483933
503600 9407219
504000 8666241
504400 9629757
504800 9259752
505200 8877990
505600 8365794
506000 9436368
506400 9371985
506800 8971408
507200 8757310
507600 8652644
508000 9256552
508400 8698101
508800 8806583
509200 9470417
509600 9503459
510000 9144263
510400 8984269
510800 8922432
511200 8910260
511600 9276242
512000 8852509
512400 9209102
512800 9101068
513200 9305389
513600 9189399
514000 8792546
514400 8857046
514800 8831253
515200 8757612
515600 8565610
516000 8826927
516400 9770861
516800 9124649
517200 8834386
517600 10135975
518000 9725709
518400 9538605
518800 9342193
519200 9100674
519600 9491933
520000 9186304
520400 9149213
520800 9616231
521200 9515334
521600 9018709
522000 8991071
522400 9517566
522800 9156683
523200 9832084
523600 8707935
524000 9127753
524400 9879296
524800 9202177
525200 9204471
525600 9366569
526000 9602550
526400 9166308
526800 9589643
527200 9169264
527600 9529571
528000 8742306
528400 9112743
528800 9108018
529200 9825672
529600 9233076
530000 9855367
530400 9727317
530800 9422768
531200 9433324
531600 9909962
532000 9247138
532400 9266701
532800 9341197
533200 9524048
533600 9338117
534000 9737886
534400 10232504
534800 9014301
535200 9286886
535600 9479904
536000 9045557
536400 9378647
536800 9165484
537200 9870868
537600 9197392
538000 9703434
538400 9415852
538800 9729146
539200 8760258
539600 9570080
540000 9058062
540400 9546048
540800 9504858
541200 9305845
541600 9033469
542000 9561983
542400 9739298
542800 9734877
543200 9952292
543600 9870672
544000 9376419
544400 9180225
544800 9099037
545200 9826322
545600 9516263
546000 8983129
546400 8947802
546800 9737093
547200 9436234
547600 9157184
548000 9706375
548400 10193803
548800 11285647
549200 9669925
549600 9417422
550000 9368173
550400 9683335
550800 9389038
551200 9847911
551600 9144161
552000 9389371
552400 9769046
552800 9940826
553200 9146384
553600 9937777
554000 9764038
554400 9868215
554800 10275219
555200 9677892
555600 10147777
556000 9299873
556400 9625004
556800 9956309
557200 9417977
557600 9656897
558000 9807066
558400 9210792
558800 9362732
559200 9742593
559600 9931795
560000 10100409
560400 9762854
560800 9903698
561200 10812168
561600 9324169
562000 9809995
562400 11046790
562800 9913874
563200 10048431
563600 9205821
564000 9652109
564400 9732379
564800 9796355
565200 9670540
565600 9676259
566000 9733871
566400 9393393
566800 9879237
567200 10419174
567600 9953048
568000 9525896
568400 9865672
568800 9499539
569200 10101401
569600 9425619
570000 9678313
570400 9911199
570800 9859712
571200 10113424
571600 9349349
572000 9508575
572400 9587604
572800 9983469
573200 9836926
573600 9283974
574000 9879871
574400 10140236
574800 10084755
575200 10332411
575600 10139076
576000 9890784
576400 9647017
576800 9670697
577200 9993819
577600 9793967
578000 10508399
578400 11271443
578800 9946429
579200 10149685
579600 10213038
580000 10356852
580400 10013870
580800 9453678
581200 9934042
581600 9903302
582000 9568830
582400 10222879
582800 10337571
583200 9778951
583600 10189366
584000 10281552
584400 10053130
584800 10950874
585200 10179417
585600 9728077
586000 9770317
586400 9769263
586800 9782192
587200 9898531
587600 9808618
588000 10338288
588400 9879243
588800 9786715
589200 10853476
589600 10033644
590000 10043792
590400 10072685
590800 10177017
591200 10666123
591600 9337164
592000 8486226
592400 8693519
592800 8513943
593200 8887237
593600 8687106
594000 8567615
594400 8187570
594800 8194471
595200 8144038
595600 9054231
596000 8184459
596400 8389623
596800 9743158
597200 8671119
597600 8354639
598000 8138454
598400 8572599
598800 8285724
599200 8391068
599600 8609221
600000 8647547
600400 9052764
600800 8075021
601200 8431708
601600 8918456
602000 8740614
602400 8527259
602800 8354976
603200 8466826
603600 8315347
604000 8885742
604400 8361877
604800 8550562
605200 8495329
605600 8520199
606000 8289241
606400 8911200
606800 9150455
607200 8926450
607600 8495799
608000 8469916
608400 8986717
608800 8982366
609200 8457337
609600 8731608
610000 8568496
610400 9009080
610800 8776692
611200 8959989
611600 8379581
612000 8843946
612400 9011291
612800 9120314
613200 8262911
613600 8333461
614000 8334579
614400 8486244
614800 8673557
615200 8825403
615600 9009661
616000 8468893
616400 9029475
616800 9012917
617200 8293043
617600 8818164
618000 8395177
618400 9361490
618800 8400113
619200 9230467
619600 8971794
620000 8845342
620400 8802062
620800 8832029
621200 8780970
621600 9580117
622000 8740290
622400 8919173
622800 8591355
623200 8928947
623600 8922103
624000 8925160
624400 8669992
624800 8992025
625200 9282702
625600 8886731
626000 9463282
626400 8712902
626800 8850466
627200 8961428
627600 8921534
628000 9215378
628400 8937727
628800 8523856
629200 8634026
629600 8688224
630000 9014504
630400 8617257
630800 8751526
631200 9314972
631600 8742519
632000 8697425
632400 9319389
632800 8587648
633200 8941904
633600 8886962
634000 8946186
634400 8810476
634800 8921975
635200 8765677
635600 9504012
636000 8786297
636400 9125343
636800 8918037
637200 9329837
637600 9193973
638000 8737935
638400 9542860
638800 9468987
639200 8637182
639600 9170811
640000 8494774
640400 9004824
640800 9018557
641200 8871102
641600 8929634
642000 12313453
642400 13786946
642800 9148165
643200 9920015
643600 8733838
644000 9768576
644400 8919810
644800 8507563
645200 9462078
645600 10802125
646000 9424139
646400 9005372
646800 8877317
647200 9247818
647600 13410982
648000 15757202
648400 16781455
648800 13307512
649200 10141029
649600 9010800
650000 8129285
650400 8740205
650800 8655601
651200 8187624
651600 8634697
652000 9042501
652400 9041570
652800 8886809
653200 8719132
653600 8453584
654000 13879492
654400 14013324
654800 9902472
655200 8658894
655600 8884177
656000 8470662
656400 8719767
656800 8578436
657200 8520085
657600 15391373
658000 22354040
658400 13183926
658800 10588745
659200 9534983
659600 8556720
660000 8703709
660400 8417367
660800 9179002
661200 8468799
661600 8579559
662000 8402423
662400 9129640
662800 8975086
663200 8685684
663600 8739389
664000 8645016
664400 8492749
664800 8835702
665200 8889642
665600 9746834
666000 8869486
666400 8720361
666800 8670307
667200 8500684
667600 8647407
668000 8465726
668400 8577243
668800 9403584
669200 8837653
669600 8357713
670000 9311881
670400 8567115
670800 9421993
671200 8516391
671600 9027870
672000 9052594
672400 8925266
672800 9002348
673200 8485502
673600 9115988
674000 8972840
674400 9278800
674800 8693505
675200 8765993
675600 9104061
676000 8910162
676400 8960454
676800 8925838
677200 9148875
677600 8621755
678000 9305151
678400 9017070
678800 8730098
679200 8962175
679600 8885792
680000 9038565
680400 8858576
680800 8588036
681200 8965756
681600 8882358
682000 9418894
682400 9054179
682800 8519892
683200 9261383
683600 8716993
684000 8913978
684400 9117418
684800 9008826
685200 8890385
685600 9133734
686000 9054071
686400 8743621
686800 8882711
687200 10070634
687600 9188528
688000 9020949
688400 8830113
688800 9122645
689200 9016154
689600 8800400
690000 9296343
690400 9312879
690800 8988881
691200 8689313
691600 9101053
692000 8689729
692400 8693268
692800 8854912
693200 9206977
693600 9118982
694000 8536554
694400 8920438
694800 9224578
695200 9243745
695600 8997372
696000 8912267
696400 8794560
696800 9171032
697200 9303364
697600 8886353
698000 8911932
698400 8921151
698800 9503687
699200 9192544
699600 9538124
700000 9354625
700400 9247767
700800 9248274
701200 9149695
701600 9066993
702000 8893385
702400 10016241
702800 9399392
703200 9565196
703600 9077945
704000 8887391
704400 9368020
704800 8913680
705200 9230385
705600 8840402
706000 9475129
706400 9378065
706800 9211953
707200 9449801
707600 9027590
708000 9378837
708400 9717931
708800 9185488
709200 8689559
709600 9266081
710000 9017019
710400 9195751
710800 9399757
711200 9460676
711600 9453148
712000 9171851
712400 9138260
712800 8773135
713200 9328128
713600 8938645
714000 9728035
714400 9391704
714800 9778503
715200 8900821
715600 9091026
716000 9165925
716400 9282481
716800 9430263
717200 9245410
717600 9397357
718000 9478082
718400 9274662
718800 9372638
719200 9844640
719600 9306277
720000 9119356
720400 9153305
720800 9617846
721200 9156137
721600 9910363
722000 9175882
722400 9638767
722800 9860445
723200 9593209
723600 9220817
724000 9796317
724400 9483178
724800 9925008
725200 9814449
725600 9386207
726000 9068703
726400 8988940
726800 9657281
727200 9540644
727600 9552194
728000 9425898
728400 9365105
728800 11006572
729200 10101297
729600 9373568
730000 9700760
730400 9545200
730800 9448493
731200 9363695
731600 9583116
732000 9552971
732400 9328260
732800 10305949
733200 10024038
733600 9999927
734000 9364981
734400 9677503
734800 9544613
735200 9474324
735600 9306352
736000 9244514
736400 10055883
736800 9383833
737200 9282616
737600 9832967
738000 9347708
738400 9424946
738800 9304872
739200 9610321
739600 9657970
740000 9355415
740400 9556799
740800 9330678
741200 9435008
741600 9161173
742000 9334134
742400 9575922
742800 9828726
743200 10306364
743600 9432544
744000 9444978
744400 9422113
744800 9592576
745200 9656750
745600 10140900
746000 9983429
746400 9683731
746800 9692186
747200 9455640
747600 9771282
748000 9515837
748400 9528838
748800 9905572
749200 9649488
749600 9527261
750000 10727857
750400 9875276
750800 9423919
751200 9788834
751600 9638027
752000 9867783
752400 9947785
752800 9839514
753200 9711526
753600 9464213
754000 10019719
754400 9357897
754800 9814639
755200 9430803
755600 10048761
756000 9518703
756400 9868262
756800 9494667
757200 9765825
757600 10027543
758000 9653588
758400 9543440
758800 10355943
759200 9910656
759600 10461610
760000 9984434
760400 10026823
760800 9605948
761200 9754314
761600 9637638
762000 9394303
762400 10634252
762800 10381632
763200 9623215
763600 9773043
764000 10237571
764400 9953640
764800 10072674
765200 9939144
765600 10116318
766000 9506233
766400 9606903
766800 10179107
767200 9964089
767600 10074388
768000 9540576
768400 10214587
768800 10340513
769200 10039612
769600 9918375
770000 10112859
770400 9939168
770800 12032055
771200 10420983
771600 10329858
772000 9741389
772400 9719958
772800 9662585
773200 9917218
773600 9670994
774000 10919253
774400 25310383
774800 21048432
775200 13790796
775600 10867737
776000 12584406
776400 10981203
776800 11303746
777200 11789311
777600 11987506
778000 11477576
778400 10988725
778800 10705542
779200 11263619
779600 11630850
780000 16081547
780400 20200775
780800 13144310
781200 11252299
781600 11831994
782000 13507155
782400 12801826
782800 10896127
783200 10575779
783600 10673380
784000 10281504
784400 10594831
784800 12193071
785200 11857977
785600 11942251
786000 10985018
786400 11203797
786800 11680733
787200 9744651
787600 10917761
788000 11579319
788400 11692741
788800 11276650
789200 10143275
789600 11216638
790000 10785095
790400 12069782
790800 11080358
791200 10250785
791600 11485780
792000 10799480
792400 11415634
792800 12002844
793200 12139360
793600 10621972
794000 10173229
794400 10459166
794800 9874523
795200 9639183
795600 9774486
796000 11549393
796400 10495411
796800 11433723
797200 10456392
797600 10662781
798000 11619696
798400 11553123
798800 11185018
799200 11738387
799600 10536816
800000 10761296
800400 10763527
800800 10852289
801200 11459360
801600 10746948
802000 10461232
802400 10698713
802800 10711838
803200 11556410
803600 11543987
804000 9888615
804400 9978173
804800 9876247
805200 10104425
805600 10053788
806000 9758012
806400 10316480
806800 9959699
807200 9869984
807600 11261553
808000 11372484
808400 10294343
808800 9871784
809200 10091955
809600 9835359
810000 10260641
810400 12738039
810800 16716768
811200 17719295
811600 27805736
812000 14293247
812400 12023913
812800 11170596
813200 10738170
813600 13514012
814000 11255653
814400 11458852
814800 11522095
815200 12133788
815600 12040615
816000 11320635
816400 11203490
816800 11736224
817200 11749907
817600 11426528
818000 11767627
818400 11561846
818800 11860222
819200 21235350
819600 15032748
820000 13136649
820400 11509216
820800 11426201
821200 11174680
821600 12085860
822000 12400624
822400 11408212
822800 11299317
823200 11753966
823600 20597793
824000 18812335
824400 15535690
824800 14429180
825200 12406268
825600 11657877
826000 11054683
826400 10659928
826800 9903085
827200 10132570
827600 9809295
828000 8405985
828400 7364992
828800 7622908
829200 7302898
829600 7243527
830000 7247566
830400 7381404
830800 7373981
831200 7352417
831600 7245263
832000 8383559
832400 7257563
832800 8389932
833200 9435559
833600 10092895
834000 10505176
834400 10593000
834800 10303428
835200 10934881
835600 11113059
836000 10747308
836400 10411845
836800 10817452
837200 10904453
837600 10392065
838000 10994828
838400 10667238
838800 10746714
839200 11223465
839600 10829192
840000 11450109
840400 10978476
840800 10883388
841200 10441658
841600 11146116
842000 10886292
842400 10715941
842800 10578791
843200 11334187
843600 10754118
844000 10981305
844400 11425819
844800 11064763
845200 11732309
845600 10509735
846000 11060796
846400 10864534
846800 11041351
847200 10578567
847600 10778496
848000 10464287
848400 10679287
848800 10693680
849200 11403017
849600 10713927
850000 10165114
850400 10656232
850800 10541412
851200 11070307
851600 10872886
852000 10462576
852400 11422579
852800 10636947
853200 10675994
853600 10404876
854000 10500671
854400 10450108
854800 10818649
855200 11898216
855600 10852735
856000 10355656
856400 10562304
856800 10637585
857200 11044394
857600 11246119
858000 10362307
858400 10919356
858800 11452811
859200 11502720
859600 10897607
860000 11043573
860400 10576137
860800 11421664
861200 11359115
861600 10628121
862000 11219736
862400 10973047
862800 10836309
863200 11081913
863600 11191805
864000 11156911
864400 10810153
864800 11173241
865200 11104305
865600 11287003
866000 10769158
866400 10727753
866800 10637024
867200 10804391
867600 10905766
868000 11363286
868400 10687507
868800 11297751
869200 11247450
869600 11322857
870000 10638228
870400 10772260
870800 11084644
871200 11025981
871600 11337405
872000 11007137
872400 10641702
872800 11328273
873200 10390116
873600 10628199
874000 11415320
874400 11122127
874800 10925935
875200 10834025
875600 11011989
876000 11024312
876400 10975776
876800 11061491
877200 11456640
877600 11238739
878000 11055108
878400 11607753
878800 10890939
879200 11125003
879600 11348643
880000 11414479
880400 10897989
880800 11356605
881200 10964027
881600 11116157
882000 11239604
882400 11315220
882800 10528463
883200 11162739
883600 11500645
884000 10938171
884400 11104265
884800 10938070
885200 11106446
885600 11502968
886000 10603262
886400 10901590
886800 10931491
887200 11166356
887600 10943033
888000 11315484
888400 11563373
888800 11257131
889200 11369595
889600 11336992
890000 11202797
890400 11273511
890800 11098438
891200 11061136
891600 11250891
892000 11338386
892400 11334424
892800 11228588
893200 11709674
893600 11554152
894000 10776062
894400 10684058
894800 11147527
895200 11326926
895600 11405251
896000 11587206
896400 11050651
896800 11319628
897200 11660170
897600 11032570
898000 11442793
898400 11337916
898800 11423887
899200 11359878
899600 11668230
900000 11227247
900400 11635581
900800 10770023
901200 10754793
901600 11023886
902000 12476097
902400 10553817
902800 10892948
903200 11470565
903600 11363636
904000 11154091
904400 11501182
904800 11465580
905200 11015734
905600 11483907
906000 10976679
906400 10931330
906800 11037225
907200 11587176
907600 11752692
908000 11807367
908400 11555820
908800 11532391
909200 11569827
909600 11173682
910000 11071215
910400 11452083
910800 11561592
911200 11354335
911600 11236415
912000 11600407
912400 11327039
912800 11550931
913200 11835345
913600 11623266
914000 11256029
914400 11522502
914800 11527284
915200 11056278
915600 11519803
916000 11679520
916400 11088287
916800 11502524
917200 11374569
917600 11672816
918000 11272265
918400 12116044
918800 11306170
919200 11540832
919600 11764704
920000 11831287
920400 11547062
920800 12021172
921200 10988210
921600 11905171
922000 11602592
922400 11472329
922800 11653917
923200 11416025
923600 11384656
924000 11730642
924400 11649004
924800 12903741
925200 11576022
925600 11464219
926000 11610397
926400 12066333
926800 11017778
927200 11397598
927600 11926398
928000 11275664
928400 11524676
928800 11443839
929200 11595304
929600 11917464
930000 11920876
930400 11265017
930800 11706590
931200 12188110
931600 11851762
932000 11321662
932400 12036385
932800 11526964
933200 11891202
933600 11635961
934000 11639569
934400 12026116
934800 12246243
935200 12073114
935600 11454547
936000 11593277
936400 11880861
936800 11779357
937200 11570335
937600 11872485
938000 11763006
938400 11683679
938800 11587100
939200 11456939
939600 11614444
940000 11860162
940400 11979446
940800 11242612
941200 11501812
941600 12131775
942000 11649516
942400 12002759
942800 12115678
943200 12129624
943600 11543485
944000 11871925
944400 11575222
944800 12177045
945200 11551966
945600 11438170
946000 11901793
946400 11290030
946800 11342424
947200 11723928
947600 12320357
948000 11512482
948400 11997273
948800 12496261
949200 11859852
949600 11590942
950000 11483826
950400 13093720
950800 12203880
951200 11804273
951600 11817389
952000 11854292
952400 11633122
952800 12038293
953200 12705320
953600 11608394
954000 12009946
954400 11534292
954800 12086907
955200 12142941
955600 11789333
956000 11774579
956400 12345436
956800 11871651
957200 11791204
957600 12024416
958000 11981788
958400 11524942
958800 12328151
959200 11957034
959600 11453945
960000 12517621
960400 11788868
960800 11730573
961200 11595583
961600 12320856
962000 11606296
962400 12119677
962800 11907889
963200 12058588
963600 12312096
964000 12355881
964400 12564123
964800 12023550
965200 11832790
965600 12433968
966000 12019441
966400 11862678
966800 12577720
967200 12263130
967600 12027987
968000 12362311
968400 12082967
968800 12118193
969200 12174555
969600 12506031
970000 12412915
970400 11912889
970800 12310501
971200 12249883
971600 12191864
972000 12555233
972400 11976079
972800 12116667
973200 10545220
973600 10074426
974000 9885001
974400 9520260
974800 9685839
975200 9525491
975600 9650875
976000 10389220
976400 9642569
976800 9624145
977200 9612650
977600 9613293
978000 9967533
978400 9761707
978800 9566706
979200 9898849
979600 9848475
980000 9787805
980400 9609110
980800 9627596
981200 9611410
981600 9716605
982000 9459706
982400 9684548
982800 9731964
983200 9479165
983600 9774977
984000 9565697
984400 9486996
984800 9775190
985200 9787799
985600 9593827
986000 9669556
986400 9781041
986800 9969237
987200 9820097
987600 9757716
988000 9741459
988400 9773248
988800 9713544
989200 9704797
989600 9717198
990000 9678761
990400 9695067
990800 9807409
991200 9725838
991600 9845365
992000 9723258
992400 10053852
992800 9781704
993200 9713102
993600 10074196
994000 10085981
994400 9703512
994800 9695751
995200 9735518
995600 9862254
996000 9798652
996400 9746533
996800 9765439
997200 9748684
997600 9854526
998000 9797241
998400 9920323
998800 10201832
999200 10064108
999600 9757542
98400 12979852
998800 12449709
999200 12461273
999600 12841553