100000 1353835
100400 1385389
100800 1419313
101200 1571168
101600 1777607
102000 1501054
102400 1567856
102800 1741032
103200 1708590
103600 1681949
104000 1410317
104400 1463123
104800 1548696
105200 1513751
105600 1598242
106000 1610934
106400 1891354
106800 1720921
107200 1582861
107600 1925538
108000 1742499
108400 1684993
108800 1737296
109200 1849070
109600 1760645
110000 1857932
110400 1876681
110800 2620890
111200 2270754
111600 2009458
112000 1874755
112400 2376489
112800 2617895
113200 2754687
113600 2572742
114000 2570358
114400 2529660
114800 2282178
115200 2138400
115600 2426253
116000 2393547
116400 2138600
116800 2102046
117200 2273215
117600 2230407
118000 2317104
118400 1933059
118800 1746655
119200 1976738
119600 1890609
120000 2084481
120400 1801767
120800 2017039
121200 2007243
121600 2092604
122000 2148577
122400 1946693
122800 2122283
123200 2003957
123600 2059579
124000 1844936
124400 1942058
124800 2096437
125200 2052175
125600 1926654
126000 2072703
126400 2660295
126800 2140318
127200 1852746
127600 1906400
128000 2087069
128400 1784088
128800 1968503
129200 1853465
129600 1836572
130000 1781655
130400 1810850
130800 2163031
131200 1721504
131600 1835760
132000 1946214
132400 1957000
132800 1909236
133200 1889812
133600 1936039
134000 1763123
134400 1878046
134800 2044671
135200 1832123
135600 1986652
136000 1992498
136400 1909381
136800 1982370
137200 1967785
137600 2016712
138000 1794656
138400 1997832
138800 2049609
139200 2107320
139600 1957432
140000 1962920
140400 2396461
140800 1943933
141200 1913051
141600 2504672
142000 2539485
142400 2322430
142800 1928767
143200 1926650
143600 2069719
144000 2006230
144400 2092386
144800 2338662
145200 2339121
145600 2363807
146000 2297446
146400 2051218
146800 1984734
147200 2133486
147600 1923204
148000 1936969
148400 2372252
148800 2101237
149200 2067339
149600 2113990
150000 2185661
150400 1909791
150800 2027594
151200 2137527
151600 2079517
152000 2193836
152400 2500869
152800 2486406
153200 2554600
153600 2504114
154000 2118549
154400 2061566
154800 2077394
155200 2228637
155600 2212412
156000 1984842
156400 2315217
156800 2103638
157200 2342217
157600 2096595
158000 2118093
158400 2366883
158800 2469645
159200 2247444
159600 2300090
160000 2330325
160400 2447226
160800 2335671
161200 2338798
161600 2137048
162000 2362603
162400 2081688
162800 2246917
163200 2430757
163600 2310299
164000 2216042
164400 2329726
164800 2343477
165200 2667550
165600 2623408
166000 2514018
166400 2411456
166800 2401996
167200 2808571
167600 2242834
168000 2328948
168400 2599374
168800 2443518
169200 2456616
169600 2559510
170000 2238835
170400 2322998
170800 2253997
171200 2347721
171600 2394773
172000 2878988
172400 2279582
172800 2562313
173200 2629349
173600 2337144
174000 2305503
174400 2510889
174800 2545145
175200 2522861
175600 3055044
176000 2555912
176400 2444176
176800 2496694
177200 2859361
177600 2663683
178000 2317918
178400 2456417
178800 2380582
179200 2584279
179600 2662571
180000 3031613
180400 2593380
180800 2433009
181200 2388543
181600 2400688
182000 2702807
182400 2765152
182800 2596110
183200 2564035
183600 2555159
184000 2514831
184400 2430480
184800 2729831
185200 2705956
185600 2490965
186000 2479405
186400 2511572
186800 2560746
187200 2391671
187600 2888457
188000 2635429
188400 2439573
188800 2437193
189200 2950233
189600 2914583
190000 3406879
190400 3354569
190800 3474228
191200 3442578
191600 3134431
192000 3183109
192400 4168868
192800 5902445
193200 5876189
193600 5356199
194000 4904012
194400 4352209
194800 4099433
195200 3841362
195600 4243237
196000 4272807
196400 4311865
196800 4401332
197200 4250783
197600 4341059
198000 4302305
198400 5318651
198800 4470120
199200 4684495
199600 4438442
200000 4455309
200400 4832026
200800 4511813
201200 4777046
201600 4540298
202000 4367767
202400 5030685
202800 4751260
203200 4354961
203600 4837513
204000 3606637
204400 4078225
204800 4140258
205200 3894943
205600 4331357
206000 4078047
206400 4723033
206800 4631594
207200 5030361
207600 4772782
208000 4497327
208400 4645287
208800 4559895
209200 4188563
209600 4116442
210000 4145635
210400 4611027
210800 4083710
211200 5004152
211600 3974502
212000 3919879
212400 3984145
212800 3932403
213200 3250695
213600 3597640
214000 3528666
214400 3909242
214800 3770960
215200 4000921
215600 3793270
216000 4109935
216400 3995881
216800 4005488
217200 3857433
217600 4082947
218000 3406466
218400 4100612
218800 3798289
219200 3857453
219600 4464741
220000 3824496
220400 3610167
220800 3754198
221200 3747266
221600 3989319
222000 3814142
222400 3938222
222800 4484060
223200 4724943
223600 5064021
224000 5158216
224400 5532756
224800 4841572
225200 4315018
225600 3892444
226000 3961707
226400 4127793
226800 4019898
227200 3850641
227600 3437729
228000 3616170
228400 3661810
228800 4058447
229200 3392196
229600 3349599
230000 3674713
230400 3577289
230800 3630425
231200 3563701
231600 3869633
232000 3968653
232400 4441360
232800 4161822
233200 3939945
233600 3640536
234000 3879754
234400 3765809
234800 3832413
235200 3602234
235600 3952748
236000 3834540
236400 3751164
236800 4251297
237200 4149098
237600 4011558
238000 3975604
238400 4026624
238800 3964734
239200 3682031
239600 4109297
240000 3978034
240400 4360026
240800 4252840
241200 4050379
241600 3941863
242000 4359856
242400 3564035
242800 4362564
243200 4058427
243600 4148109
244000 4336018
244400 4399691
244800 4246857
245200 4087796
245600 3941670
246000 3940533
246400 4716917
246800 3703639
247200 4291083
247600 4701471
248000 4554353
248400 4997734
248800 5285717
249200 5517290
249600 5485008
250000 4665378
250400 4883026
250800 4594351
251200 4249517
251600 4432228
252000 4660581
252400 4497085
252800 5202266
253200 4425771
253600 4141363
254000 4349116
254400 4598017
254800 4609241
255200 4406850
255600 4372026
256000 4412626
256400 4422699
256800 4726394
257200 4696605
257600 4922549
258000 4912830
258400 8426388
258800 10725030
259200 8441331
259600 7878619
260000 7436853
260400 10009437
260800 10748933
261200 9604749
261600 7519869
262000 6283763
262400 5691743
262800 5170254
263200 4742669
263600 5268507
264000 5482520
264400 4860044
264800 5271539
265200 4754516
265600 4863516
266000 4975505
266400 4634012
266800 4699684
267200 4397554
267600 4216073
268000 4101534
268400 5085165
268800 4643975
269200 4827560
269600 5130415
270000 4562045
270400 4893891
270800 4640722
271200 4846450
271600 4541399
272000 4483526
272400 5168424
272800 5138653
273200 4497889
273600 4718719
274000 4563810
274400 4418693
274800 4482145
275200 4960315
275600 4504004
276000 4794858
276400 4911442
276800 4890318
277200 4995577
277600 4622939
278000 5132951
278400 4873028
278800 5055934
279200 4821348
279600 4680066
280000 5000836
280400 5006877
280800 5430016
281200 5074821
281600 4770966
282000 5364459
282400 4496467
282800 4508548
283200 4742937
283600 4824246
284000 5035603
284400 4792050
284800 4868247
285200 4555466
285600 5480552
286000 5315613
286400 5154968
286800 4401651
287200 4908151
287600 4999129
288000 4664967
288400 4797696
288800 4763857
289200 5140764
289600 4858213
290000 4931425
290400 5102126
290800 5179090
291200 4758052
291600 5373879
292000 5077840
292400 5278740
292800 4996809
293200 5237226
293600 5351375
294000 5101208
294400 4815152
294800 4662313
295200 5098729
295600 5606657
296000 5370730
296400 5214825
296800 5202624
297200 5344838
297600 5739474
298000 5369421
298400 5136965
298800 5046896
299200 5321595
299600 5562068
300000 5361229
300400 5486771
300800 5576296
301200 5229844
301600 5030452
302000 5216716
302400 5888043
302800 5100742
303200 5096202
303600 5853985
304000 5332442
304400 5655747
304800 5632129
305200 5371953
305600 5339058
306000 5278763
306400 5337301
306800 11347968
307200 9719387
307600 6920948
308000 6178777
308400 5526512
308800 5948105
309200 5331360
309600 5786425
310000 5423751
310400 4959357
310800 5327516
311200 5422513
311600 4984543
312000 5082582
312400 5211697
312800 5580733
313200 5640772
313600 6034065
314000 5405306
314400 5203196
314800 8210907
315200 10195437
315600 7384428
316000 6284532
316400 6347583
316800 6692765
317200 5351424
317600 5725358
318000 5544454
318400 5140298
318800 5400288
319200 5809723
319600 4849270
320000 5772034
320400 6190087
320800 5590972
321200 5637993
321600 5608268
322000 6325170
322400 6453056
322800 5777031
323200 5857009
323600 4928956
324000 6032940
324400 6046026
324800 5662163
325200 5722904
325600 6200608
326000 5767059
326400 5516335
326800 5505331
327200 5446022
327600 14020721
328000 9084167
328400 6928111
328800 6487392
329200 6354901
329600 5727428
330000 5544836
330400 5212413
330800 5511014
331200 5829929
331600 5864553
332000 6285562
332400 5683483
332800 5368211
333200 5393916
333600 6264868
334000 5783001
334400 5447323
334800 6441634
335200 5330511
335600 5436358
336000 5768358
336400 5815572
336800 5388011
337200 5967544
337600 5808775
338000 6076848
338400 5728410
338800 5863220
339200 6251563
339600 5929387
340000 5986597
340400 5563048
340800 5913141
341200 5745293
341600 6321791
342000 6151393
342400 5488514
342800 5915263
343200 6204919
343600 6100382
344000 5703447
344400 5804738
344800 5484907
345200 5813385
345600 5862814
346000 5461716
346400 6220665
346800 6200397
347200 6210713
347600 7775471
348000 5680035
348400 5902489
348800 5924726
349200 5657177
349600 6353963
350000 5576307
350400 5899951
350800 5380912
351200 5807080
351600 5731320
352000 6029950
352400 5999693
352800 5917859
353200 5520797
353600 5927379
354000 5579597
354400 5750690
354800 6378167
355200 5637449
355600 6099199
356000 6318781
356400 5282010
356800 5752720
357200 6168129
357600 5710754
358000 6325508
358400 5999193
358800 5299933
359200 6386866
359600 5455229
360000 5844068
360400 5895215
360800 6220590
361200 5806819
361600 6036369
362000 5823807
362400 6041786
362800 5861816
363200 6260596
363600 5840740
364000 5802832
364400 6020031
364800 5779353
365200 5953801
365600 5544341
366000 5808135
366400 5747579
366800 6225691
367200 5525440
367600 6275201
368000 5986719
368400 5392533
368800 6738323
369200 5916706
369600 6003950
370000 5568181
370400 5759552
370800 6228230
371200 6477945
371600 6363075
372000 5823598
372400 6338403
372800 6104598
373200 6790208
373600 6211147
374000 6238408
374400 6196801
374800 6461092
375200 5674761
375600 6690997
376000 5871293
376400 6393740
376800 6369689
377200 5837609
377600 5980531
378000 6184885
378400 5966190
378800 6376772
379200 6403199
379600 5904129
380000 6079485
380400 6300006
380800 5508347
381200 5744833
381600 7231762
382000 6318227
382400 6770976
382800 6411410
383200 6486024
383600 5940072
384000 6350063
384400 6463116
384800 5868453
385200 5812859
385600 6182136
386000 6267921
386400 6409131
386800 6067375
387200 6100762
387600 6000374
388000 5843886
388400 6030737
388800 6741748
389200 6411377
389600 6300188
390000 6320570
390400 6020643
390800 6818726
391200 6458091
391600 6655896
392000 14586472
392400 10421075
392800 12662653
393200 9865135
393600 6240080
394000 7217441
394400 6380254
394800 6530482
395200 6847853
395600 6824255
396000 6834119
396400 6330566
396800 6305432
397200 6575409
397600 6755220
398000 5988689
398400 6088984
398800 7182155
399200 6661415
399600 6059372
400000 6589698
400400 6442322
400800 7115993
401200 6620488
401600 6594189
402000 6512605
402400 7570424
402800 6926057
403200 6602445
403600 6651614
404000 6678198
404400 6487571
404800 6059030
405200 6668686
405600 6215636
406000 6621780
406400 6608400
406800 6358801
407200 6663892
407600 6254318
408000 6804470
408400 6862606
408800 6727876
409200 6150895
409600 6505458
410000 6426620
410400 6537133
410800 6684786
411200 6888852
411600 6361223
412000 6105197
412400 6275406
412800 6359207
413200 6017208
413600 7344392
414000 6636305
414400 6960243
414800 6309525
415200 7113611
415600 6752159
416000 7047009
416400 6455250
416800 6928144
417200 6570056
417600 6703319
418000 7132952
418400 7092874
418800 7039349
419200 6689548
419600 6975425
420000 7028490
420400 6841292
420800 6458071
421200 7173262
421600 6836390
422000 6388602
422400 7084661
422800 6405746
423200 6558352
423600 6916471
424000 6222061
424400 6761162
424800 7114974
425200 7012835
425600 6933450
426000 6817225
426400 6251194
426800 6778639
427200 6654453
427600 6460048
428000 7521098
428400 6677358
428800 7409748
429200 6736648
429600 7160496
430000 6321254
430400 6644164
430800 6859610
431200 6392048
431600 7168017
432000 7041454
432400 7045205
432800 7040262
433200 6354499
433600 7759221
434000 6719793
434400 7086139
434800 6842226
435200 6779105
435600 7264356
436000 7361551
436400 6704022
436800 7515291
437200 7035323
437600 6912653
438000 7772407
438400 7330641
438800 7417313
439200 7080756
439600 7311563
440000 7680969
440400 6959107
440800 7232268
441200 7087661
441600 7167077
442000 7220574
442400 7099585
442800 7670204
443200 7846267
443600 7053206
444000 7911657
444400 6880318
444800 6948244
445200 7031746
445600 7035923
446000 6886976
446400 6591386
446800 7033341
447200 6897610
447600 7917560
448000 7364149
448400 8266111
448800 7553350
449200 6532634
449600 7453792
450000 7430788
450400 6925319
450800 7327858
451200 7301301
451600 6988090
452000 7069415
452400 7264709
452800 7275679
453200 7271948
453600 6593871
454000 7372297
454400 7019257
454800 7119575
455200 7250194
455600 7779057
456000 6950320
456400 7187064
456800 7057959
457200 7652449
457600 6792199
458000 7407446
458400 7513425
458800 7389628
459200 8418541
459600 7542253
460000 7897946
460400 7166090
460800 8029522
461200 7358563
461600 7006712
462000 7937155
462400 7648161
462800 7049479
463200 7529117
463600 6998574
464000 7366671
464400 7222027
464800 7788083
465200 7309259
465600 7186989
466000 7012835
466400 7368455
466800 8407295
467200 6922016
467600 7369399
468000 8286915
468400 7417121
468800 7733634
469200 8595689
469600 7663158
470000 7541860
470400 7229741
470800 7978294
471200 7919711
471600 7574910
472000 7665197
472400 8302745
472800 6974796
473200 6915844
473600 7306549
474000 7488851
474400 7662461
474800 7663092
475200 7232883
475600 7366783
476000 6982586
476400 7173249
476800 7154916
477200 8238808
477600 7327651
478000 7350754
478400 7087512
478800 7708770
479200 7016114
479600 8499141
480000 7412626
480400 8069078
480800 7769491
481200 6729068
481600 7660846
482000 7612792
482400 7644072
482800 7905785
483200 7869210
483600 7494299
484000 8907860
484400 7565418
484800 8146327
485200 7804960
485600 8082240
486000 8154002
486400 7752428
486800 7310449
487200 8029597
487600 7765612
488000 7157701
488400 8018524
488800 7106435
489200 8382042
489600 7400864
490000 8648279
490400 7476643
490800 7599143
491200 7250389
491600 7442176
492000 7624123
492400 8884946
492800 7681406
493200 7988562
493600 7605042
494000 7248646
494400 8143495
494800 8011243
495200 8136850
495600 7991288
496000 7604636
496400 7974581
496800 7474486
497200 7698430
497600 8756550
498000 7767209
498400 7780198
498800 7696239
499200 7331327
499600 7434829
500000 7411235
500400 7443241
500800 8013643
501200 7737552
501600 8459378
502000 7883867
502400 7222257
502800 8520299
503200 7660656
503600 8234144
504000 8026072
504400 7991417
504800 7668584
505200 7943978
505600 8772230
506000 7882195
506400 8679659
506800 8115826
507200 7963490
507600 8350566
508000 8177453
508400 8605153
508800 8011377
509200 8112745
509600 8138743
510000 7562468
510400 7574790
510800 8630387
511200 8340403
511600 7652029
512000 8596417
512400 8510107
512800 8168666
513200 8075154
513600 8521652
514000 8315701
514400 7918379
514800 7610346
515200 9067940
515600 8362096
516000 8250465
516400 8218222
516800 7818411
517200 8070297
517600 8183552
518000 8268021
518400 8147057
518800 7428623
519200 7914848
519600 8283592
520000 8321197
520400 7861219
520800 8318612
521200 8155599
521600 8644927
522000 9163447
522400 8592811
522800 7659409
523200 7824138
523600 8849480
524000 8443127
524400 8273169
524800 7905310
525200 8753888
525600 8498575
526000 7957162
526400 8842115
526800 8395947
527200 8932777
527600 8071263
528000 7873840
528400 8194365
528800 8211447
529200 8386587
529600 8761550
530000 9262926
530400 8425231
530800 7864336
531200 7884921
531600 8248700
532000 8811694
532400 8475850
532800 8598932
533200 8490346
533600 8342727
534000 8090542
534400 8408167
534800 8684610
535200 8364882
535600 9054350
536000 7738109
536400 8709542
536800 8589583
537200 8940380
537600 8144118
538000 8055253
538400 8345049
538800 9373103
539200 8120162
539600 8113618
540000 9104232
540400 7781087
540800 8937642
541200 8590396
541600 8075889
542000 8363942
542400 9227317
542800 9270508
543200 9429458
543600 8192778
544000 8331293
544400 8918612
544800 8929300
545200 8500214
545600 8915994
546000 8082556
546400 9022773
546800 8506583
547200 8511609
547600 9981114
548000 8466109
548400 8574292
548800 8723057
549200 8168115
549600 9106405
550000 8191468
550400 8600377
550800 9331898
551200 8642015
551600 8430720
552000 8725807
552400 8564196
552800 8739681
553200 9239610
553600 9297516
554000 8359425
554400 8467133
554800 8463465
555200 8739437
555600 9795419
556000 9037889
556400 8602661
556800 8516888
557200 9170950
557600 8600701
558000 9593150
558400 8828841
558800 8752889
559200 8757202
559600 8591792
560000 9323269
560400 8495889
560800 8445182
561200 8484087
561600 8434928
562000 9093419
562400 8930118
562800 8613356
563200 9190958
563600 9867873
564000 9694508
564400 8623075
564800 8826806
565200 8451607
565600 8537182
566000 9330200
566400 9440429
566800 9984641
567200 9452815
567600 9123727
568000 8305249
568400 8857536
568800 9081730
569200 9615332
569600 9551713
570000 9347917
570400 8757295
570800 9205684
571200 9510578
571600 8917571
572000 9438391
572400 9582726
572800 8796272
573200 8750157
573600 8453930
574000 9047476
574400 9644498
574800 8463697
575200 8524197
575600 9464409
576000 9639812
576400 9458033
576800 9705678
577200 8458994
577600 9504717
578000 9506394
578400 8498190
578800 9408739
579200 9275947
579600 9522432
580000 9177366
580400 8888070
580800 8619194
581200 9651838
581600 9221443
582000 9811393
582400 10107449
582800 9295924
583200 9016945
583600 8883057
584000 9606479
584400 9270036
584800 9280429
585200 10440650
585600 9360234
586000 8919132
586400 8587307
586800 9178569
587200 9142893
587600 9547993
588000 9278178
588400 9563759
588800 9197989
589200 9089188
589600 10233708
590000 7546416
590400 8403700
590800 7560562
591200 7119291
591600 8384048
592000 7759003
592400 8323371
592800 7396124
593200 7193567
593600 7502427
594000 8743585
594400 7712265
594800 7266980
595200 7610145
595600 9137495
596000 7912924
596400 7639376
596800 7251133
597200 8011166
597600 7584656
598000 7393452
598400 7972549
598800 7579401
599200 9254720
599600 7720814
600000 7150272
600400 7937927
600800 8657811
601200 8105146
601600 7527175
602000 7783618
602400 7776117
602800 7411279
603200 7719485
603600 8049735
604000 7521590
604400 8040952
604800 7543549
605200 7832897
605600 7516044
606000 8879509
606400 9030244
606800 8815867
607200 8081677
607600 7679121
608000 8235142
608400 8640040
608800 8060500
609200 8047040
609600 7640198
610000 8087322
610400 8103962
610800 7918240
611200 8330966
611600 7918412
612000 8271638
612400 8251189
612800 8875922
613200 7439405
613600 7533170
614000 7528958
614400 7517807
614800 7732270
615200 7947657
615600 8048552
616000 8596632
616400 7948707
616800 8439276
617200 8693103
617600 7514166
618000 8721770
618400 7399828
618800 9214853
619200 7862951
619600 8995006
620000 7972547
620400 7996260
620800 8099190
621200 8615593
621600 8138061
622000 8599142
622400 8289217
622800 8511206
623200 7808706
623600 8141186
624000 8499549
624400 8385964
624800 8692721
625200 7986728
625600 8418423
626000 8818639
626400 8525466
626800 9135903
627200 8491357
627600 7343139
628000 8424757
628400 8141664
628800 8186755
629200 9024726
629600 8006490
630000 7746534
630400 7617537
630800 8261781
631200 8663462
631600 7582625
632000 7718607
632400 8407598
632800 9585712
633200 8048146
633600 8639188
634000 8360337
634400 7650290
634800 8141696
635200 7982580
635600 8839267
636000 7959416
636400 7994517
636800 8249165
637200 8957296
637600 8677838
638000 7930186
638400 8484305
638800 8043336
639200 9257625
639600 8019342
640000 8269679
640400 9519549
640800 8718430
641200 7611070
641600 8656329
642000 7476020
642400 7814614
642800 8490685
643200 8391701
643600 7959920
644000 8345300
644400 12898631
644800 10262007
645200 8250028
645600 9619229
646000 8454986
646400 8204148
646800 8621047
647200 8059469
647600 8998288
648000 9394956
648400 9453519
648800 8209029
649200 9082475
649600 8159886
650000 8746784
650400 12262790
650800 13281310
651200 14551596
651600 13253565
652000 10893066
652400 9776300
652800 7714007
653200 7847763
653600 8609132
654000 7982585
654400 8369749
654800 8551247
655200 8400373
655600 8134381
656000 8241257
656400 7883549
656800 7675768
657200 11753231
657600 11969936
658000 9999017
658400 7857203
658800 8182932
659200 8231263
659600 7572102
660000 8163009
660400 7853197
660800 7846468
661200 13197405
661600 21305807
662000 12909709
662400 10139322
662800 8935069
663200 8399810
663600 8250989
664000 7846043
664400 8224287
664800 8481650
665200 7988663
665600 7933267
666000 8278479
666400 8701970
666800 8685772
667200 8090970
667600 8249371
668000 8091732
668400 7650558
668800 8604045
669200 8300129
669600 9015338
670000 8928000
670400 8025075
670800 7791336
671200 8411840
671600 7678527
672000 8131886
672400 7497800
672800 7928223
673200 9442813
673600 8305881
674000 7582471
674400 8903838
674800 7925619
675200 8930932
675600 8008510
676000 8241334
676400 8697109
676800 8813531
677200 7981680
677600 8069900
678000 8553862
678400 8141605
678800 8521216
679200 8783701
679600 7725569
680000 7765822
680400 8500874
680800 8437692
681200 8812353
681600 8034311
682000 8748461
682400 7705248
682800 8390092
683200 8585350
683600 8710187
684000 7842792
684400 8762141
684800 8116343
685200 8898232
685600 8007776
686000 7958598
686400 8795214
686800 7955045
687200 8869696
687600 8613923
688000 8116921
688400 8410666
688800 8507824
689200 7739269
689600 8545849
690000 8651441
690400 8862576
690800 7734767
691200 8478691
691600 8653874
692000 8036313
692400 8166439
692800 8981564
693200 8918825
693600 8338453
694000 8623930
694400 8720433
694800 8265274
695200 8370602
695600 8442729
696000 9183868
696400 8467392
696800 8129150
697200 7973165
697600 8701873
698000 8238115
698400 8391328
698800 8470086
699200 8464822
699600 8849783
700000 7796324
700400 8519490
700800 8746613
701200 8916535
701600 8389951
702000 7969605
702400 8396813
702800 8562804
703200 8492950
703600 8383061
704000 8165678
704400 8187761
704800 8271541
705200 9246819
705600 8593783
706000 9007166
706400 8724701
706800 8667821
707200 8379039
707600 8597829
708000 8656032
708400 7984850
708800 8343122
709200 9832437
709600 8924915
710000 8930159
710400 8699045
710800 8070335
711200 8818358
711600 7931144
712000 8668736
712400 8521577
712800 8940007
713200 8813251
713600 8919999
714000 8613209
714400 9048082
714800 8466172
715200 8411298
715600 9303768
716000 8460991
716400 7948580
716800 8532951
717200 8548328
717600 8188058
718000 8780514
718400 9092646
718800 8809133
719200 8389204
719600 8432018
720000 8505395
720400 7935321
720800 8377007
721200 8256660
721600 9509004
722000 8782236
722400 8999738
722800 8265243
723200 8174839
723600 8487007
724000 9214569
724400 8762491
724800 8401325
725200 9055086
725600 8586678
726000 9275229
726400 8324686
726800 8960786
727200 9662946
727600 8280904
728000 8390307
728400 8816038
728800 8875694
729200 8348420
729600 8750610
730000 8363558
730400 9256860
730800 9215727
731200 9746260
731600 8208586
732000 9093437
732400 9735939
732800 9280625
733200 9172757
733600 9649871
734000 8621650
734400 8733672
734800 8638502
735200 8922814
735600 9248329
736000 9406601
736400 8684547
736800 9094636
737200 10321679
737600 9676214
738000 8464280
738400 9398371
738800 9579774
739200 8321776
739600 8711224
740000 9338428
740400 8998209
740800 8554190
741200 9545803
741600 9622215
742000 9831642
742400 9134107
742800 8469799
743200 9477589
743600 9011597
744000 9124395
744400 8709778
744800 8540760
745200 9369965
745600 8661631
746000 8991518
746400 8737956
746800 8866099
747200 8444967
747600 8273749
748000 8572394
748400 8748027
748800 9290754
749200 8570722
749600 8857317
750000 8533191
750400 8571328
750800 8493626
751200 8591346
751600 8326005
752000 9635222
752400 9731690
752800 9910699
753200 8655227
753600 8947317
754000 8489906
754400 9300900
754800 9186670
755200 9514860
755600 9368696
756000 8778894
756400 8475563
756800 8536660
757200 9522158
757600 8848252
758000 9196067
758400 9415804
758800 9277891
759200 8931682
759600 8860929
760000 9814288
760400 9498754
760800 8700722
761200 9051779
761600 8587923
762000 9403537
762400 9659793
762800 9272006
763200 8886684
763600 8898618
764000 9820554
764400 8791520
764800 9199462
765200 9184457
765600 8888493
766000 9383539
766400 8539292
766800 9122439
767200 8939969
767600 8665505
768000 9307738
768400 8732584
768800 8845173
769200 9604704
769600 8721088
770000 10015152
770400 9455233
770800 9730281
771200 9236031
771600 9651909
772000 8535614
772400 9402698
772800 8683734
773200 10137725
773600 9874878
774000 9099076
774400 9022920
774800 9911881
775200 9473342
775600 8998867
776000 10181198
776400 9700243
776800 9083587
777200 9332103
777600 8431547
778000 9966764
778400 9349774
778800 9403516
779200 8769587
779600 9732917
780000 10213467
780400 9310268
780800 9287943
781200 9227434
781600 9328536
782000 10967079
782400 10532070
782800 9533330
783200 9606483
783600 8555179
784000 9628619
784400 9297524
784800 9255170
785200 9657941
785600 14973885
786000 23412661
786400 18291993
786800 11828197
787200 10553834
787600 11048477
788000 10062554
788400 10269270
788800 10388259
789200 13172480
789600 12362440
790000 10988249
790400 10789242
790800 10078783
791200 10872738
791600 10599299
792000 21156129
792400 15538011
792800 10294344
793200 11054504
793600 11541916
794000 13639780
794400 11292335
794800 10269099
795200 10837213
795600 10350566
796000 10138320
796400 10741895
796800 12298715
797200 11133625
797600 11655199
798000 9787497
798400 10815920
798800 11026132
799200 9224988
799600 9872817
800000 10386148
800400 10937545
800800 10757815
801200 9656720
801600 10315141
802000 10292387
802400 9987470
802800 10804719
803200 10116058
803600 9766118
804000 11989110
804400 9777731
804800 11006968
805200 12563253
805600 11304669
806000 10283168
806400 9815279
806800 10064516
807200 9163528
807600 9489682
808000 8845437
808400 10589669
808800 9828621
809200 11052075
809600 9740083
810000 9762880
810400 10661072
810800 10801069
811200 11032503
811600 10378711
812000 11226341
812400 9972960
812800 10602397
813200 10159153
813600 10611393
814000 11382844
814400 10611265
814800 10054773
815200 10280079
815600 10337529
816000 10337718
816400 10752642
816800 10199202
817200 9217650
817600 9209309
818000 9602241
818400 9289517
818800 9883543
819200 9320674
819600 9649905
820000 9117335
820400 9482451
820800 10163494
821200 10697653
821600 9135749
822000 9348886
822400 9744135
822800 9114185
823200 9509940
823600 11425084
824000 12452460
824400 18594001
824800 24819824
825200 18124079
825600 13253658
826000 11906388
826400 9716790
826800 10021471
827200 12699373
827600 10024347
828000 10431020
828400 10667965
828800 11119133
829200 11096949
829600 11092595
830000 10429850
830400 10596057
830800 11217964
831200 10485683
831600 10510059
832000 11924057
832400 10339861
832800 10665280
833200 22242477
833600 14029750
834000 12295440
834400 10801436
834800 10548991
835200 9701895
835600 11433529
836000 11737980
836400 10647260
836800 10191568
837200 10958753
837600 13448286
838000 20739632
838400 17462433
838800 15407076
839200 11736127
839600 11371364
840000 10790385
840400 10203629
840800 9032559
841200 8861222
841600 8817973
842000 8991107
842400 8347733
842800 6425609
843200 6155156
843600 6235180
844000 6212863
844400 5582829
844800 5523868
845200 5912487
845600 5974497
846000 5600877
846400 6022689
846800 6244460
847200 5709136
847600 6646736
848000 5465004
848400 6513181
848800 7334535
849200 8459269
849600 9240157
850000 9875294
850400 9960354
850800 9105651
851200 10381401
851600 9385405
852000 10446550
852400 9541773
852800 9496675
853200 10515512
853600 9496433
854000 9508866
854400 10469521
854800 9793953
855200 9739783
855600 10522891
856000 9917263
856400 10250669
856800 10932317
857200 9141442
857600 9916666
858000 9355421
858400 10872385
858800 9748792
859200 9703421
859600 9407487
860000 10760028
860400 9768811
860800 9557466
861200 11594779
861600 10068088
862000 10502413
862400 10271443
862800 9899868
863200 9818970
863600 9976735
864000 9625693
864400 9539502
864800 9662908
865200 9455077
865600 9806759
866000 10165413
866400 10976604
866800 9903882
867200 9404848
867600 10102934
868000 9968655
868400 8993707
868800 10080833
869200 10001171
869600 9486955
870000 10578133
870400 10118804
870800 9892053
871200 9486543
871600 9178128
872000 9848854
872400 9798246
872800 10803897
873200 10535053
873600 9915430
874000 9837883
874400 9897264
874800 10146468
875200 9964813
875600 10468954
876000 9711823
876400 9737259
876800 10002951
877200 10863417
877600 11079275
878000 10803798
878400 9279650
878800 10740560
879200 10536123
879600 10522715
880000 9245175
880400 10604168
880800 9833498
881200 10185030
881600 9745778
882000 10491478
882400 10161650
882800 10678261
883200 10897776
883600 9595215
884000 10267175
884400 10555015
884800 9657884
885200 9842985
885600 9802120
886000 10066775
886400 9822398
886800 10812084
887200 10126203
887600 10621236
888000 11018142
888400 10349517
888800 9845441
889200 9619019
889600 9847768
890000 10724790
890400 10220265
890800 10003328
891200 10264185
891600 9687315
892000 10834639
892400 9228940
892800 9412379
893200 10311918
893600 10651401
894000 10407268
894400 10581421
894800 10067345
895200 10496120
895600 10533605
896000 9839018
896400 10430085
896800 10995744
897200 10697932
897600 10026975
898000 11276790
898400 9292444
898800 10472980
899200 10225612
899600 10934844
900000 10590943
900400 9583980
900800 10516108
901200 10253815
901600 10322900
902000 10506520
902400 10785380
902800 9737320
903200 10835048
903600 10779502
904000 10123842
904400 10249127
904800 10954276
905200 10070641
905600 9783815
906000 10450720
906400 9866227
906800 10099893
907200 10733791
907600 10308538
908000 10384131
908400 10268704
908800 10653650
909200 10577265
909600 10877695
910000 10644643
910400 10166141
910800 10513284
911200 10200042
911600 9774594
912000 10299735
912400 9857298
912800 10883628
913200 10353818
913600 10837272
914000 11209757
914400 10927511
914800 10074235
915200 9884562
915600 10001879
916000 10576947
916400 9895455
916800 10553063
917200 10866217
917600 10584552
918000 10208814
918400 10496200
918800 10034983
919200 10643587
919600 10185007
920000 10434118
920400 10709946
920800 10420952
921200 10378334
921600 10709363
922000 10311154
922400 9746404
922800 9892491
923200 10522020
923600 11276587
924000 9510631
924400 9955956
924800 10392880
925200 10690930
925600 10034561
926000 10668382
926400 10833308
926800 9762964
927200 10450032
927600 10672222
928000 9781713
928400 9774628
928800 10272959
929200 10764663
929600 11320037
930000 11007644
930400 10822384
930800 10339120
931200 10663166
931600 11171262
932000 9614124
932400 10340008
932800 10596236
933200 10266037
933600 10611402
934000 10557012
934400 10950378
934800 10002181
935200 10294340
935600 11037156
936000 10591078
936400 11037838
936800 11233107
937200 10680779
937600 10681866
938000 10392396
938400 10609173
938800 10496646
939200 10172463
939600 10629557
940000 10475127
940400 10788886
940800 10139699
941200 11255848
941600 10235306
942000 10575166
942400 10577369
942800 11314461
943200 11548176
943600 10631458
944000 10846258
944400 10259339
944800 11583890
945200 10609062
945600 10956654
946000 11094842
946400 10456894
946800 10890610
947200 10985321
947600 10517510
948000 11181972
948400 11763566
948800 10165772
949200 11056200
949600 11014064
950000 10871561
950400 9946806
950800 10235792
951200 11036097
951600 10167190
952000 10555182
952400 10608098
952800 10651883
953200 11156154
953600 10647128
954000 11363693
954400 9847568
954800 11234417
955200 11547658
955600 11255821
956000 10481458
956400 11449992
956800 10617272
957200 11178964
957600 10674229
958000 10943718
958400 10845351
958800 11523632
959200 10987327
959600 11448863
960000 10196246
960400 10597249
960800 10635072
961200 11554411
961600 10583529
962000 10822954
962400 10934427
962800 11343884
963200 10261356
963600 11445316
964000 10836955
964400 11443957
964800 11303277
965200 9988614
965600 10317158
966000 10988457
966400 10997217
966800 10995985
967200 11126802
967600 11354051
968000 11369708
968400 10645261
968800 11259495
969200 10774560
969600 10777799
970000 10985390
970400 10961403
970800 10037585
971200 11161176
971600 10373505
972000 10418501
972400 11490931
972800 11283842
973200 10668542
973600 10922009
974000 11757541
974400 10678224
974800 10933328
975200 10239107
975600 10411178
976000 12741315
976400 10421285
976800 10799626
977200 10637094
977600 10939589
978000 10882157
978400 10795579
978800 12236318
979200 10338734
979600 11207297
980000 10779092
980400 10522669
980800 11219030
981200 11777233
981600 10473654
982000 11415174
982400 11292545
982800 10832309
983200 10567746
983600 11411451
984000 10851228
984400 10252544
984800 11444042
985200 11532387
985600 10539887
986000 10869425
986400 11865954
986800 10255456
987200 11221335
987600 10265089
988000 11746781
988400 10305230
988800 11092178
989200 10912535
989600 11134127
990000 11163495
990400 11423667
990800 11340577
991200 11641313
991600 11017066
992000 11292606
992400 11450798
992800 11154374
993200 11145316
993600 11060593
994000 11236592
994400 11257411
994800 11229894
995200 11333879
995600 11718997
996000 11000833
996400 11706358
996800 12023941
997200 12128930
997600 12800722
998000 10491785
998400 12063428
998800 11599411
999200 11836267
999600 12017051